TpTrace Verbose: 0 : 36448, 1, 2024/06/18, 12:17:58.503, 3552264086437, vstest.console.dll, Version: 17.10.0-release-24203-04 Current process architecture: X64
TpTrace Verbose: 0 : 36448, 1, 2024/06/18, 12:17:58.509, 3552264151614, vstest.console.dll, Runtime location: C:\Program Files\dotnet\shared\Microsoft.NETCore.App\8.0.5
TpTrace Verbose: 0 : 36448, 1, 2024/06/18, 12:17:58.517, 3552264224270, vstest.console.dll, ArtifactProcessingPostProcessModeProcessorExecutor.Initialize: ArtifactProcessingMode.Collect
TpTrace Verbose: 0 : 36448, 1, 2024/06/18, 12:17:58.517, 3552264228494, vstest.console.dll, TestSessionCorrelationIdProcessorModeProcessorExecutor.Initialize: TestSessionCorrelationId '15344_9faedc4a-77f7-4d7f-8ee0-8f87cc2b7945'
TpTrace Information: 0 : 36448, 1, 2024/06/18, 12:17:58.539, 3552264446871, vstest.console.dll, FilePatternParser: The given file C:\Minor Project\MatrimonialUnitTest\bin\Debug\net6.0\fine-code-coverage\build-output\MatrimonialUnitTest.dll is a full path.
TpTrace Verbose: 0 : 36448, 1, 2024/06/18, 12:17:58.561, 3552264668985, vstest.console.dll, TestPluginCache.DiscoverTestExtensions: finding test extensions in assemblies ends with: RuntimeProvider.dll TPluginInfo: Microsoft.VisualStudio.TestPlatform.Common.ExtensionFramework.Utilities.TestRuntimePluginInformation TExtension: Microsoft.VisualStudio.TestPlatform.ObjectModel.Host.ITestRuntimeProvider
TpTrace Verbose: 0 : 36448, 1, 2024/06/18, 12:17:58.562, 3552264680072, vstest.console.dll, TestPluginCache.GetExtensionPaths: Filtered extension paths: 
TpTrace Verbose: 0 : 36448, 1, 2024/06/18, 12:17:58.563, 3552264682658, vstest.console.dll, TestPluginCache.GetExtensionPaths: Added default extension paths: C:\Program Files\dotnet\sdk\8.0.300\Extensions\Microsoft.Diagnostics.NETCore.Client.dll
C:\Program Files\dotnet\sdk\8.0.300\Extensions\Microsoft.TestPlatform.Extensions.BlameDataCollector.dll
C:\Program Files\dotnet\sdk\8.0.300\Extensions\Microsoft.TestPlatform.Extensions.EventLogCollector.dll
C:\Program Files\dotnet\sdk\8.0.300\Extensions\Microsoft.TestPlatform.TestHostRuntimeProvider.dll
C:\Program Files\dotnet\sdk\8.0.300\Extensions\Microsoft.VisualStudio.TestPlatform.Extensions.Html.TestLogger.dll
C:\Program Files\dotnet\sdk\8.0.300\Extensions\Microsoft.VisualStudio.TestPlatform.Extensions.Trx.TestLogger.dll
TpTrace Verbose: 0 : 36448, 1, 2024/06/18, 12:17:58.563, 3552264683819, vstest.console.dll, TestPluginCache.GetExtensionPaths: Added unfilterableExtensionPaths: 
TpTrace Information: 0 : 36448, 1, 2024/06/18, 12:17:58.564, 3552264701304, vstest.console.dll, AssemblyResolver.ctor: Creating AssemblyResolver with searchDirectories C:\Program Files\dotnet\sdk\8.0.300\Extensions,C:\Program Files\dotnet\sdk\8.0.300
TpTrace Verbose: 0 : 36448, 1, 2024/06/18, 12:17:58.571, 3552264762792, vstest.console.dll, TestPluginCache.DiscoverTestExtensions: Discovering the extensions using extension path.
TpTrace Verbose: 0 : 36448, 1, 2024/06/18, 12:17:58.571, 3552264767253, vstest.console.dll, TestPluginCache.GetExtensionPaths: Filtered extension paths: 
TpTrace Verbose: 0 : 36448, 1, 2024/06/18, 12:17:58.571, 3552264768300, vstest.console.dll, TestPluginCache.GetExtensionPaths: Added default extension paths: C:\Program Files\dotnet\sdk\8.0.300\Extensions\Microsoft.Diagnostics.NETCore.Client.dll
C:\Program Files\dotnet\sdk\8.0.300\Extensions\Microsoft.TestPlatform.Extensions.BlameDataCollector.dll
C:\Program Files\dotnet\sdk\8.0.300\Extensions\Microsoft.TestPlatform.Extensions.EventLogCollector.dll
C:\Program Files\dotnet\sdk\8.0.300\Extensions\Microsoft.TestPlatform.TestHostRuntimeProvider.dll
C:\Program Files\dotnet\sdk\8.0.300\Extensions\Microsoft.VisualStudio.TestPlatform.Extensions.Html.TestLogger.dll
C:\Program Files\dotnet\sdk\8.0.300\Extensions\Microsoft.VisualStudio.TestPlatform.Extensions.Trx.TestLogger.dll
TpTrace Verbose: 0 : 36448, 1, 2024/06/18, 12:17:58.571, 3552264769243, vstest.console.dll, TestPluginCache.GetExtensionPaths: Added unfilterableExtensionPaths: 
TpTrace Verbose: 0 : 36448, 1, 2024/06/18, 12:17:58.571, 3552264770754, vstest.console.dll, TestPluginCache.DiscoverTestExtensions: Discovering the extensions using allExtensionPaths: C:\Program Files\dotnet\sdk\8.0.300\Extensions\Microsoft.Diagnostics.NETCore.Client.dll
C:\Program Files\dotnet\sdk\8.0.300\Extensions\Microsoft.TestPlatform.Extensions.BlameDataCollector.dll
C:\Program Files\dotnet\sdk\8.0.300\Extensions\Microsoft.TestPlatform.Extensions.EventLogCollector.dll
C:\Program Files\dotnet\sdk\8.0.300\Extensions\Microsoft.TestPlatform.TestHostRuntimeProvider.dll
C:\Program Files\dotnet\sdk\8.0.300\Extensions\Microsoft.VisualStudio.TestPlatform.Extensions.Html.TestLogger.dll
C:\Program Files\dotnet\sdk\8.0.300\Extensions\Microsoft.VisualStudio.TestPlatform.Extensions.Trx.TestLogger.dll
TpTrace Information: 0 : 36448, 1, 2024/06/18, 12:17:58.572, 3552264774572, vstest.console.dll, AssemblyResolver.AddSearchDirectories: Adding more searchDirectories C:\Program Files\dotnet\sdk\8.0.300\Extensions,C:\Program Files\dotnet\sdk\8.0.300
TpTrace Information: 0 : 36448, 1, 2024/06/18, 12:17:58.572, 3552264776106, vstest.console.dll, AssemblyResolver.AddSearchDirectories: Adding more searchDirectories C:\Program Files\dotnet\sdk\8.0.300\Extensions,C:\Program Files\dotnet\sdk\8.0.300
TpTrace Information: 0 : 36448, 1, 2024/06/18, 12:17:58.572, 3552264777059, vstest.console.dll, AssemblyResolver.AddSearchDirectories: Adding more searchDirectories C:\Program Files\dotnet\sdk\8.0.300\Extensions,C:\Program Files\dotnet\sdk\8.0.300
TpTrace Information: 0 : 36448, 1, 2024/06/18, 12:17:58.572, 3552264777996, vstest.console.dll, AssemblyResolver.AddSearchDirectories: Adding more searchDirectories C:\Program Files\dotnet\sdk\8.0.300\Extensions,C:\Program Files\dotnet\sdk\8.0.300
TpTrace Information: 0 : 36448, 1, 2024/06/18, 12:17:58.572, 3552264778747, vstest.console.dll, AssemblyResolver.AddSearchDirectories: Adding more searchDirectories C:\Program Files\dotnet\sdk\8.0.300\Extensions,C:\Program Files\dotnet\sdk\8.0.300
TpTrace Information: 0 : 36448, 1, 2024/06/18, 12:17:58.572, 3552264779513, vstest.console.dll, AssemblyResolver.AddSearchDirectories: Adding more searchDirectories C:\Program Files\dotnet\sdk\8.0.300\Extensions,C:\Program Files\dotnet\sdk\8.0.300
TpTrace Information: 0 : 36448, 1, 2024/06/18, 12:17:58.575, 3552264805601, vstest.console.dll, AssemblyResolver.OnResolve: Microsoft.Diagnostics.NETCore.Client: Resolving assembly.
TpTrace Information: 0 : 36448, 1, 2024/06/18, 12:17:58.575, 3552264808993, vstest.console.dll, AssemblyResolver.OnResolve: Microsoft.Diagnostics.NETCore.Client: Searching in: 'C:\Program Files\dotnet\sdk\8.0.300\Extensions'.
TpTrace Information: 0 : 36448, 1, 2024/06/18, 12:17:58.602, 3552265073972, vstest.console.dll, AssemblyResolver.OnResolve: Microsoft.Diagnostics.NETCore.Client: Loading assembly 'C:\Program Files\dotnet\sdk\8.0.300\Extensions\Microsoft.Diagnostics.NETCore.Client.dll'.
TpTrace Information: 0 : 36448, 1, 2024/06/18, 12:17:58.605, 3552265106987, vstest.console.dll, AssemblyResolver.OnResolve: Resolved assembly: Microsoft.Diagnostics.NETCore.Client, from path: C:\Program Files\dotnet\sdk\8.0.300\Extensions\Microsoft.Diagnostics.NETCore.Client.dll
TpTrace Verbose: 0 : 36448, 1, 2024/06/18, 12:17:58.624, 3552265294796, vstest.console.dll, MetadataReaderExtensionsHelper: Discovering extensions inside assembly 'Microsoft.Diagnostics.NETCore.Client, Version=0.2.10.15101, Culture=neutral, PublicKeyToken=31bf3856ad364e35' file path 'C:\Program Files\dotnet\sdk\8.0.300\Extensions\Microsoft.Diagnostics.NETCore.Client.dll'
TpTrace Information: 0 : 36448, 1, 2024/06/18, 12:17:58.635, 3552265403463, vstest.console.dll, AssemblyResolver.OnResolve: Microsoft.Bcl.AsyncInterfaces: Resolving assembly.
TpTrace Information: 0 : 36448, 1, 2024/06/18, 12:17:58.635, 3552265406011, vstest.console.dll, AssemblyResolver.OnResolve: Microsoft.Bcl.AsyncInterfaces: Searching in: 'C:\Program Files\dotnet\sdk\8.0.300\Extensions'.
TpTrace Information: 0 : 36448, 1, 2024/06/18, 12:17:58.635, 3552265411386, vstest.console.dll, AssemblyResolver.OnResolve: Microsoft.Bcl.AsyncInterfaces: Assembly path does not exist: 'C:\Program Files\dotnet\sdk\8.0.300\Extensions\Microsoft.Bcl.AsyncInterfaces.dll', returning.
TpTrace Information: 0 : 36448, 1, 2024/06/18, 12:17:58.636, 3552265418150, vstest.console.dll, AssemblyResolver.OnResolve: Microsoft.Bcl.AsyncInterfaces: Assembly path does not exist: 'C:\Program Files\dotnet\sdk\8.0.300\Extensions\Microsoft.Bcl.AsyncInterfaces.exe', returning.
TpTrace Information: 0 : 36448, 1, 2024/06/18, 12:17:58.636, 3552265419376, vstest.console.dll, AssemblyResolver.OnResolve: Microsoft.Bcl.AsyncInterfaces: Searching in: 'C:\Program Files\dotnet\sdk\8.0.300'.
TpTrace Information: 0 : 36448, 1, 2024/06/18, 12:17:58.636, 3552265420512, vstest.console.dll, AssemblyResolver.OnResolve: Microsoft.Bcl.AsyncInterfaces: Assembly path does not exist: 'C:\Program Files\dotnet\sdk\8.0.300\Microsoft.Bcl.AsyncInterfaces.dll', returning.
TpTrace Information: 0 : 36448, 1, 2024/06/18, 12:17:58.636, 3552265421664, vstest.console.dll, AssemblyResolver.OnResolve: Microsoft.Bcl.AsyncInterfaces: Assembly path does not exist: 'C:\Program Files\dotnet\sdk\8.0.300\Microsoft.Bcl.AsyncInterfaces.exe', returning.
TpTrace Information: 0 : 36448, 1, 2024/06/18, 12:17:58.636, 3552265422330, vstest.console.dll, AssemblyResolver.OnResolve: Microsoft.Bcl.AsyncInterfaces: Failed to load assembly.
TpTrace Verbose: 0 : 36448, 1, 2024/06/18, 12:17:58.637, 3552265423199, vstest.console.dll, CurrentDomainAssemblyResolve: Resolving assembly 'Microsoft.Bcl.AsyncInterfaces'.
TpTrace Information: 0 : 36448, 1, 2024/06/18, 12:17:58.637, 3552265424712, vstest.console.dll, AssemblyResolver.OnResolve: Microsoft.Bcl.AsyncInterfaces: Resolving assembly.
TpTrace Information: 0 : 36448, 1, 2024/06/18, 12:17:58.637, 3552265425615, vstest.console.dll, AssemblyResolver.OnResolve: Microsoft.Bcl.AsyncInterfaces: Resolved from cache.
TpTrace Verbose: 0 : 36448, 1, 2024/06/18, 12:17:58.637, 3552265426510, vstest.console.dll, CurrentDomainAssemblyResolve: Resolving assembly 'Microsoft.Bcl.AsyncInterfaces'.
TpTrace Verbose: 0 : 36448, 1, 2024/06/18, 12:17:58.637, 3552265427282, vstest.console.dll, CurrentDomainAssemblyResolve: Failed to resolve assembly 'Microsoft.Bcl.AsyncInterfaces'.
TpTrace Verbose: 0 : 36448, 1, 2024/06/18, 12:17:58.641, 3552265472250, vstest.console.dll, CurrentDomainAssemblyResolve: Failed to resolve assembly 'Microsoft.Bcl.AsyncInterfaces'.
TpTrace Warning: 0 : 36448, 1, 2024/06/18, 12:17:58.676, 3552265814272, vstest.console.dll, TestPluginDiscoverer: Failed to get types from assembly 'Microsoft.Diagnostics.NETCore.Client, Version=0.2.10.15101, Culture=neutral, PublicKeyToken=31bf3856ad364e35'. Error: System.Reflection.ReflectionTypeLoadException: Unable to load one or more of the requested types.
Could not load file or assembly 'Microsoft.Bcl.AsyncInterfaces, Version=6.0.0.0, Culture=neutral, PublicKeyToken=cc7b13ffcd2ddd51'. The system cannot find the file specified.
   at System.Reflection.RuntimeModule.GetTypes(RuntimeModule module)
   at System.Reflection.RuntimeModule.GetTypes()
   at Microsoft.VisualStudio.TestPlatform.Common.ExtensionFramework.TestPluginDiscoverer.GetTestExtensionsFromAssembly[TPluginInfo,TExtension](Assembly assembly, Dictionary`2 pluginInfos, String filePath) in /_/src/Microsoft.TestPlatform.Common/ExtensionFramework/TestPluginDiscoverer.cs:line 158
System.IO.FileNotFoundException: Could not load file or assembly 'Microsoft.Bcl.AsyncInterfaces, Version=6.0.0.0, Culture=neutral, PublicKeyToken=cc7b13ffcd2ddd51'. The system cannot find the file specified.
File name: 'Microsoft.Bcl.AsyncInterfaces, Version=6.0.0.0, Culture=neutral, PublicKeyToken=cc7b13ffcd2ddd51'
 ---> System.IO.FileNotFoundException: Could not load file or assembly 'Microsoft.Bcl.AsyncInterfaces, Culture=neutral, PublicKeyToken=null'. The system cannot find the file specified.
File name: 'Microsoft.Bcl.AsyncInterfaces, Culture=neutral, PublicKeyToken=null'
   at System.Reflection.RuntimeAssembly.InternalLoad(AssemblyName assemblyName, StackCrawlMark& stackMark, AssemblyLoadContext assemblyLoadContext, RuntimeAssembly requestingAssembly, Boolean throwOnFileNotFound)
   at System.Reflection.Assembly.Load(AssemblyName assemblyRef)
   at Microsoft.VisualStudio.TestPlatform.Common.ExtensionFramework.TestPluginCache.CurrentDomainAssemblyResolve(Object sender, AssemblyResolveEventArgs args) in /_/src/Microsoft.TestPlatform.Common/ExtensionFramework/TestPluginCache.cs:line 513
   at System.Runtime.Loader.AssemblyLoadContext.GetFirstResolvedAssemblyFromResolvingEvent(AssemblyName assemblyName)
   at System.Runtime.Loader.AssemblyLoadContext.ResolveUsingEvent(AssemblyName assemblyName)
   at System.Runtime.Loader.AssemblyLoadContext.ResolveUsingResolvingEvent(IntPtr gchManagedAssemblyLoadContext, AssemblyName assemblyName)
TpTrace Warning: 0 : 36448, 1, 2024/06/18, 12:17:58.677, 3552265825639, vstest.console.dll, LoaderExceptions: System.IO.FileNotFoundException: Could not load file or assembly 'Microsoft.Bcl.AsyncInterfaces, Version=6.0.0.0, Culture=neutral, PublicKeyToken=cc7b13ffcd2ddd51'. The system cannot find the file specified.
File name: 'Microsoft.Bcl.AsyncInterfaces, Version=6.0.0.0, Culture=neutral, PublicKeyToken=cc7b13ffcd2ddd51'
 ---> System.IO.FileNotFoundException: Could not load file or assembly 'Microsoft.Bcl.AsyncInterfaces, Culture=neutral, PublicKeyToken=null'. The system cannot find the file specified.
File name: 'Microsoft.Bcl.AsyncInterfaces, Culture=neutral, PublicKeyToken=null'
   at System.Reflection.RuntimeAssembly.InternalLoad(AssemblyName assemblyName, StackCrawlMark& stackMark, AssemblyLoadContext assemblyLoadContext, RuntimeAssembly requestingAssembly, Boolean throwOnFileNotFound)
   at System.Reflection.Assembly.Load(AssemblyName assemblyRef)
   at Microsoft.VisualStudio.TestPlatform.Common.ExtensionFramework.TestPluginCache.CurrentDomainAssemblyResolve(Object sender, AssemblyResolveEventArgs args) in /_/src/Microsoft.TestPlatform.Common/ExtensionFramework/TestPluginCache.cs:line 513
   at System.Runtime.Loader.AssemblyLoadContext.GetFirstResolvedAssemblyFromResolvingEvent(AssemblyName assemblyName)
   at System.Runtime.Loader.AssemblyLoadContext.ResolveUsingEvent(AssemblyName assemblyName)
   at System.Runtime.Loader.AssemblyLoadContext.ResolveUsingResolvingEvent(IntPtr gchManagedAssemblyLoadContext, AssemblyName assemblyName)
TpTrace Information: 0 : 36448, 1, 2024/06/18, 12:17:58.677, 3552265830197, vstest.console.dll, AssemblyResolver.OnResolve: Microsoft.TestPlatform.Extensions.BlameDataCollector: Resolving assembly.
TpTrace Information: 0 : 36448, 1, 2024/06/18, 12:17:58.678, 3552265835494, vstest.console.dll, AssemblyResolver.OnResolve: Microsoft.TestPlatform.Extensions.BlameDataCollector: Searching in: 'C:\Program Files\dotnet\sdk\8.0.300\Extensions'.
TpTrace Information: 0 : 36448, 1, 2024/06/18, 12:17:58.680, 3552265862029, vstest.console.dll, AssemblyResolver.OnResolve: Microsoft.TestPlatform.Extensions.BlameDataCollector: Loading assembly 'C:\Program Files\dotnet\sdk\8.0.300\Extensions\Microsoft.TestPlatform.Extensions.BlameDataCollector.dll'.
TpTrace Information: 0 : 36448, 1, 2024/06/18, 12:17:58.683, 3552265885792, vstest.console.dll, AssemblyResolver.OnResolve: Resolved assembly: Microsoft.TestPlatform.Extensions.BlameDataCollector, from path: C:\Program Files\dotnet\sdk\8.0.300\Extensions\Microsoft.TestPlatform.Extensions.BlameDataCollector.dll
TpTrace Verbose: 0 : 36448, 1, 2024/06/18, 12:17:58.683, 3552265888526, vstest.console.dll, MetadataReaderExtensionsHelper: Discovering extensions inside assembly 'Microsoft.TestPlatform.Extensions.BlameDataCollector, Version=15.0.0.0, Culture=neutral, PublicKeyToken=b03f5f7f11d50a3a' file path 'C:\Program Files\dotnet\sdk\8.0.300\Extensions\Microsoft.TestPlatform.Extensions.BlameDataCollector.dll'
TpTrace Information: 0 : 36448, 1, 2024/06/18, 12:17:58.687, 3552265928089, vstest.console.dll, AssemblyResolver.OnResolve: Microsoft.TestPlatform.Extensions.EventLogCollector: Resolving assembly.
TpTrace Information: 0 : 36448, 1, 2024/06/18, 12:17:58.687, 3552265930537, vstest.console.dll, AssemblyResolver.OnResolve: Microsoft.TestPlatform.Extensions.EventLogCollector: Searching in: 'C:\Program Files\dotnet\sdk\8.0.300\Extensions'.
TpTrace Information: 0 : 36448, 1, 2024/06/18, 12:17:58.689, 3552265948729, vstest.console.dll, AssemblyResolver.OnResolve: Microsoft.TestPlatform.Extensions.EventLogCollector: Loading assembly 'C:\Program Files\dotnet\sdk\8.0.300\Extensions\Microsoft.TestPlatform.Extensions.EventLogCollector.dll'.
TpTrace Information: 0 : 36448, 1, 2024/06/18, 12:17:58.691, 3552265965521, vstest.console.dll, AssemblyResolver.OnResolve: Resolved assembly: Microsoft.TestPlatform.Extensions.EventLogCollector, from path: C:\Program Files\dotnet\sdk\8.0.300\Extensions\Microsoft.TestPlatform.Extensions.EventLogCollector.dll
TpTrace Verbose: 0 : 36448, 1, 2024/06/18, 12:17:58.691, 3552265967967, vstest.console.dll, MetadataReaderExtensionsHelper: Discovering extensions inside assembly 'Microsoft.TestPlatform.Extensions.EventLogCollector, Version=15.0.0.0, Culture=neutral, PublicKeyToken=b03f5f7f11d50a3a' file path 'C:\Program Files\dotnet\sdk\8.0.300\Extensions\Microsoft.TestPlatform.Extensions.EventLogCollector.dll'
TpTrace Information: 0 : 36448, 1, 2024/06/18, 12:17:58.699, 3552266049312, vstest.console.dll, AssemblyResolver.OnResolve: Microsoft.TestPlatform.TestHostRuntimeProvider: Resolving assembly.
TpTrace Information: 0 : 36448, 1, 2024/06/18, 12:17:58.699, 3552266051079, vstest.console.dll, AssemblyResolver.OnResolve: Microsoft.TestPlatform.TestHostRuntimeProvider: Searching in: 'C:\Program Files\dotnet\sdk\8.0.300\Extensions'.
TpTrace Information: 0 : 36448, 1, 2024/06/18, 12:17:58.702, 3552266072880, vstest.console.dll, AssemblyResolver.OnResolve: Microsoft.TestPlatform.TestHostRuntimeProvider: Loading assembly 'C:\Program Files\dotnet\sdk\8.0.300\Extensions\Microsoft.TestPlatform.TestHostRuntimeProvider.dll'.
TpTrace Information: 0 : 36448, 1, 2024/06/18, 12:17:58.704, 3552266095296, vstest.console.dll, AssemblyResolver.OnResolve: Resolved assembly: Microsoft.TestPlatform.TestHostRuntimeProvider, from path: C:\Program Files\dotnet\sdk\8.0.300\Extensions\Microsoft.TestPlatform.TestHostRuntimeProvider.dll
TpTrace Verbose: 0 : 36448, 1, 2024/06/18, 12:17:58.704, 3552266097905, vstest.console.dll, MetadataReaderExtensionsHelper: Discovering extensions inside assembly 'Microsoft.TestPlatform.TestHostRuntimeProvider, Version=15.0.0.0, Culture=neutral, PublicKeyToken=b03f5f7f11d50a3a' file path 'C:\Program Files\dotnet\sdk\8.0.300\Extensions\Microsoft.TestPlatform.TestHostRuntimeProvider.dll'
TpTrace Information: 0 : 36448, 1, 2024/06/18, 12:17:58.709, 3552266146158, vstest.console.dll, GetTestExtensionFromType: Register extension with identifier data 'HostProvider://DefaultTestHost' and type 'Microsoft.VisualStudio.TestPlatform.CrossPlatEngine.Hosting.DefaultTestHostManager, Microsoft.TestPlatform.TestHostRuntimeProvider, Version=15.0.0.0, Culture=neutral, PublicKeyToken=b03f5f7f11d50a3a' inside file 'C:\Program Files\dotnet\sdk\8.0.300\Extensions\Microsoft.TestPlatform.TestHostRuntimeProvider.dll'
TpTrace Information: 0 : 36448, 1, 2024/06/18, 12:17:58.710, 3552266156271, vstest.console.dll, GetTestExtensionFromType: Register extension with identifier data 'HostProvider://DotnetTestHost' and type 'Microsoft.VisualStudio.TestPlatform.CrossPlatEngine.Hosting.DotnetTestHostManager, Microsoft.TestPlatform.TestHostRuntimeProvider, Version=15.0.0.0, Culture=neutral, PublicKeyToken=b03f5f7f11d50a3a' inside file 'C:\Program Files\dotnet\sdk\8.0.300\Extensions\Microsoft.TestPlatform.TestHostRuntimeProvider.dll'
TpTrace Information: 0 : 36448, 1, 2024/06/18, 12:17:58.710, 3552266159442, vstest.console.dll, AssemblyResolver.OnResolve: Microsoft.VisualStudio.TestPlatform.Extensions.Html.TestLogger: Resolving assembly.
TpTrace Information: 0 : 36448, 1, 2024/06/18, 12:17:58.710, 3552266160470, vstest.console.dll, AssemblyResolver.OnResolve: Microsoft.VisualStudio.TestPlatform.Extensions.Html.TestLogger: Searching in: 'C:\Program Files\dotnet\sdk\8.0.300\Extensions'.
TpTrace Information: 0 : 36448, 1, 2024/06/18, 12:17:58.716, 3552266215425, vstest.console.dll, AssemblyResolver.OnResolve: Microsoft.VisualStudio.TestPlatform.Extensions.Html.TestLogger: Loading assembly 'C:\Program Files\dotnet\sdk\8.0.300\Extensions\Microsoft.VisualStudio.TestPlatform.Extensions.Html.TestLogger.dll'.
TpTrace Information: 0 : 36448, 1, 2024/06/18, 12:17:58.719, 3552266246938, vstest.console.dll, AssemblyResolver.OnResolve: Resolved assembly: Microsoft.VisualStudio.TestPlatform.Extensions.Html.TestLogger, from path: C:\Program Files\dotnet\sdk\8.0.300\Extensions\Microsoft.VisualStudio.TestPlatform.Extensions.Html.TestLogger.dll
TpTrace Verbose: 0 : 36448, 1, 2024/06/18, 12:17:58.719, 3552266249533, vstest.console.dll, MetadataReaderExtensionsHelper: Discovering extensions inside assembly 'Microsoft.VisualStudio.TestPlatform.Extensions.Html.TestLogger, Version=15.0.0.0, Culture=neutral, PublicKeyToken=b03f5f7f11d50a3a' file path 'C:\Program Files\dotnet\sdk\8.0.300\Extensions\Microsoft.VisualStudio.TestPlatform.Extensions.Html.TestLogger.dll'
TpTrace Information: 0 : 36448, 1, 2024/06/18, 12:17:58.721, 3552266273203, vstest.console.dll, AssemblyResolver.OnResolve: Microsoft.VisualStudio.TestPlatform.Extensions.Trx.TestLogger: Resolving assembly.
TpTrace Information: 0 : 36448, 1, 2024/06/18, 12:17:58.722, 3552266275792, vstest.console.dll, AssemblyResolver.OnResolve: Microsoft.VisualStudio.TestPlatform.Extensions.Trx.TestLogger: Searching in: 'C:\Program Files\dotnet\sdk\8.0.300\Extensions'.
TpTrace Information: 0 : 36448, 1, 2024/06/18, 12:17:58.725, 3552266306287, vstest.console.dll, AssemblyResolver.OnResolve: Microsoft.VisualStudio.TestPlatform.Extensions.Trx.TestLogger: Loading assembly 'C:\Program Files\dotnet\sdk\8.0.300\Extensions\Microsoft.VisualStudio.TestPlatform.Extensions.Trx.TestLogger.dll'.
TpTrace Information: 0 : 36448, 1, 2024/06/18, 12:17:58.728, 3552266340613, vstest.console.dll, AssemblyResolver.OnResolve: Resolved assembly: Microsoft.VisualStudio.TestPlatform.Extensions.Trx.TestLogger, from path: C:\Program Files\dotnet\sdk\8.0.300\Extensions\Microsoft.VisualStudio.TestPlatform.Extensions.Trx.TestLogger.dll
TpTrace Verbose: 0 : 36448, 1, 2024/06/18, 12:17:58.729, 3552266347393, vstest.console.dll, MetadataReaderExtensionsHelper: Discovering extensions inside assembly 'Microsoft.VisualStudio.TestPlatform.Extensions.Trx.TestLogger, Version=15.0.0.0, Culture=neutral, PublicKeyToken=b03f5f7f11d50a3a' file path 'C:\Program Files\dotnet\sdk\8.0.300\Extensions\Microsoft.VisualStudio.TestPlatform.Extensions.Trx.TestLogger.dll'
TpTrace Verbose: 0 : 36448, 1, 2024/06/18, 12:17:58.732, 3552266382311, vstest.console.dll, TestPluginCache: Discovered the extensions using extension path ''.
TpTrace Verbose: 0 : 36448, 1, 2024/06/18, 12:17:58.733, 3552266385254, vstest.console.dll, TestPluginCache: Discoverers are ''.
TpTrace Verbose: 0 : 36448, 1, 2024/06/18, 12:17:58.733, 3552266386096, vstest.console.dll, TestPluginCache: Executors are ''.
TpTrace Verbose: 0 : 36448, 1, 2024/06/18, 12:17:58.733, 3552266386796, vstest.console.dll, TestPluginCache: Executors2 are ''.
TpTrace Verbose: 0 : 36448, 1, 2024/06/18, 12:17:58.733, 3552266387446, vstest.console.dll, TestPluginCache: Setting providers are ''.
TpTrace Verbose: 0 : 36448, 1, 2024/06/18, 12:17:58.733, 3552266388080, vstest.console.dll, TestPluginCache: Loggers are ''.
TpTrace Verbose: 0 : 36448, 1, 2024/06/18, 12:17:58.733, 3552266392294, vstest.console.dll, TestPluginCache: TestHosts are 'HostProvider://DefaultTestHost,HostProvider://DotnetTestHost'.
TpTrace Verbose: 0 : 36448, 1, 2024/06/18, 12:17:58.734, 3552266393599, vstest.console.dll, TestPluginCache: DataCollectors are ''.
TpTrace Information: 0 : 36448, 1, 2024/06/18, 12:17:58.779, 3552266849790, vstest.console.dll, RunTestsArgumentProcessor:Execute: Test run is starting.
TpTrace Verbose: 0 : 36448, 1, 2024/06/18, 12:17:58.779, 3552266851888, vstest.console.dll, RunTestsArgumentProcessor:Execute: Queuing Test run.
TpTrace Information: 0 : 36448, 1, 2024/06/18, 12:17:58.780, 3552266858480, vstest.console.dll, TestRequestManager.RunTests: run tests started.
TpTrace Information: 0 : 36448, 1, 2024/06/18, 12:17:58.783, 3552266884816, vstest.console.dll, AssemblyMetadataProvider.GetFrameworkName: Determined framework:'.NETCoreApp,Version=v6.0' for source: 'C:\Minor Project\MatrimonialUnitTest\bin\Debug\net6.0\fine-code-coverage\build-output\MatrimonialUnitTest.dll'
TpTrace Information: 0 : 36448, 1, 2024/06/18, 12:17:58.783, 3552266888631, vstest.console.dll, Determined framework for all sources: .NETCoreApp,Version=v6.0
TpTrace Verbose: 0 : 36448, 1, 2024/06/18, 12:17:58.784, 3552266896929, vstest.console.dll, TestRequestManager.UpdateRunSettingsIfRequired: Default architecture: X64 IsDefaultTargetArchitecture: True, Current process architecture: X64 OperatingSystem: Windows.
TpTrace Information: 0 : 36448, 1, 2024/06/18, 12:17:58.787, 3552266923052, vstest.console.dll, AssemblyMetadataProvider.GetArchitecture: Determined architecture:AnyCPU info for assembly: C:\Minor Project\MatrimonialUnitTest\bin\Debug\net6.0\fine-code-coverage\build-output\MatrimonialUnitTest.dll
TpTrace Information: 0 : 36448, 1, 2024/06/18, 12:17:58.787, 3552266924226, vstest.console.dll, Determined platform for source 'C:\Minor Project\MatrimonialUnitTest\bin\Debug\net6.0\fine-code-coverage\build-output\MatrimonialUnitTest.dll' was AnyCPU and it will use the default plaform X64.
TpTrace Information: 0 : 36448, 1, 2024/06/18, 12:17:58.787, 3552266924717, vstest.console.dll, None of the sources provided any runnable platform, using the default platform: X64
TpTrace Information: 0 : 36448, 1, 2024/06/18, 12:17:58.787, 3552266926225, vstest.console.dll, Platform was updated to 'X64'.
TpTrace Information: 0 : 36448, 1, 2024/06/18, 12:17:58.795, 3552267003232, vstest.console.dll, InferRunSettingsHelper.IsTestSettingsEnabled: Unable to navigate to RunSettings/MSTest. Current node: RunSettings
TpTrace Information: 0 : 36448, 1, 2024/06/18, 12:17:58.796, 3552267017887, vstest.console.dll, AssemblyResolver.OnResolve: Microsoft.VisualStudio.TestPlatform.Fakes: Resolving assembly.
TpTrace Information: 0 : 36448, 1, 2024/06/18, 12:17:58.796, 3552267019831, vstest.console.dll, AssemblyResolver.OnResolve: Microsoft.VisualStudio.TestPlatform.Fakes: Searching in: 'C:\Program Files\dotnet\sdk\8.0.300\Extensions'.
TpTrace Information: 0 : 36448, 1, 2024/06/18, 12:17:58.796, 3552267021732, vstest.console.dll, AssemblyResolver.OnResolve: Microsoft.VisualStudio.TestPlatform.Fakes: Assembly path does not exist: 'C:\Program Files\dotnet\sdk\8.0.300\Extensions\Microsoft.VisualStudio.TestPlatform.Fakes.dll', returning.
TpTrace Information: 0 : 36448, 1, 2024/06/18, 12:17:58.797, 3552267023188, vstest.console.dll, AssemblyResolver.OnResolve: Microsoft.VisualStudio.TestPlatform.Fakes: Assembly path does not exist: 'C:\Program Files\dotnet\sdk\8.0.300\Extensions\Microsoft.VisualStudio.TestPlatform.Fakes.exe', returning.
TpTrace Information: 0 : 36448, 1, 2024/06/18, 12:17:58.797, 3552267023913, vstest.console.dll, AssemblyResolver.OnResolve: Microsoft.VisualStudio.TestPlatform.Fakes: Searching in: 'C:\Program Files\dotnet\sdk\8.0.300'.
TpTrace Information: 0 : 36448, 1, 2024/06/18, 12:17:58.797, 3552267025065, vstest.console.dll, AssemblyResolver.OnResolve: Microsoft.VisualStudio.TestPlatform.Fakes: Assembly path does not exist: 'C:\Program Files\dotnet\sdk\8.0.300\Microsoft.VisualStudio.TestPlatform.Fakes.dll', returning.
TpTrace Information: 0 : 36448, 1, 2024/06/18, 12:17:58.797, 3552267026099, vstest.console.dll, AssemblyResolver.OnResolve: Microsoft.VisualStudio.TestPlatform.Fakes: Assembly path does not exist: 'C:\Program Files\dotnet\sdk\8.0.300\Microsoft.VisualStudio.TestPlatform.Fakes.exe', returning.
TpTrace Information: 0 : 36448, 1, 2024/06/18, 12:17:58.797, 3552267027069, vstest.console.dll, AssemblyResolver.OnResolve: Microsoft.VisualStudio.TestPlatform.Fakes: Failed to load assembly.
TpTrace Information: 0 : 36448, 1, 2024/06/18, 12:17:58.798, 3552267032965, vstest.console.dll, Failed to load assembly Microsoft.VisualStudio.TestPlatform.Fakes, Version=17.0.0.0, Culture=neutral. Reason:System.IO.FileNotFoundException: Could not load file or assembly 'Microsoft.VisualStudio.TestPlatform.Fakes, Version=17.0.0.0, Culture=neutral, PublicKeyToken=null'. The system cannot find the file specified.
File name: 'Microsoft.VisualStudio.TestPlatform.Fakes, Version=17.0.0.0, Culture=neutral, PublicKeyToken=null'
   at System.Reflection.RuntimeAssembly.InternalLoad(AssemblyName assemblyName, StackCrawlMark& stackMark, AssemblyLoadContext assemblyLoadContext, RuntimeAssembly requestingAssembly, Boolean throwOnFileNotFound)
   at System.Reflection.Assembly.Load(AssemblyName assemblyRef)
   at Microsoft.VisualStudio.TestPlatform.Common.Utilities.FakesUtilities.LoadTestPlatformAssembly() in /_/src/Microsoft.TestPlatform.Common/Utilities/FakesUtilities.cs:line 272
TpTrace Verbose: 0 : 36448, 1, 2024/06/18, 12:17:58.804, 3552267102505, vstest.console.dll, TestPluginCache.DiscoverTestExtensions: finding test extensions in assemblies ends with: TestLogger.dll TPluginInfo: Microsoft.VisualStudio.TestPlatform.Common.ExtensionFramework.Utilities.TestLoggerPluginInformation TExtension: Microsoft.VisualStudio.TestPlatform.ObjectModel.Client.ITestLogger
TpTrace Verbose: 0 : 36448, 1, 2024/06/18, 12:17:58.805, 3552267104724, vstest.console.dll, TestPluginCache.GetExtensionPaths: Filtered extension paths: 
TpTrace Verbose: 0 : 36448, 1, 2024/06/18, 12:17:58.805, 3552267105421, vstest.console.dll, TestPluginCache.GetExtensionPaths: Added default extension paths: C:\Program Files\dotnet\sdk\8.0.300\Extensions\Microsoft.Diagnostics.NETCore.Client.dll
C:\Program Files\dotnet\sdk\8.0.300\Extensions\Microsoft.TestPlatform.Extensions.BlameDataCollector.dll
C:\Program Files\dotnet\sdk\8.0.300\Extensions\Microsoft.TestPlatform.Extensions.EventLogCollector.dll
C:\Program Files\dotnet\sdk\8.0.300\Extensions\Microsoft.TestPlatform.TestHostRuntimeProvider.dll
C:\Program Files\dotnet\sdk\8.0.300\Extensions\Microsoft.VisualStudio.TestPlatform.Extensions.Html.TestLogger.dll
C:\Program Files\dotnet\sdk\8.0.300\Extensions\Microsoft.VisualStudio.TestPlatform.Extensions.Trx.TestLogger.dll
TpTrace Verbose: 0 : 36448, 1, 2024/06/18, 12:17:58.805, 3552267105896, vstest.console.dll, TestPluginCache.GetExtensionPaths: Added unfilterableExtensionPaths: 
TpTrace Information: 0 : 36448, 1, 2024/06/18, 12:17:58.805, 3552267108040, vstest.console.dll, AssemblyResolver.AddSearchDirectories: Adding more searchDirectories C:\Program Files\dotnet\sdk\8.0.300\Extensions,C:\Program Files\dotnet\sdk\8.0.300
TpTrace Verbose: 0 : 36448, 1, 2024/06/18, 12:17:58.805, 3552267108763, vstest.console.dll, TestPluginCache.DiscoverTestExtensions: Discovering the extensions using extension path.
TpTrace Verbose: 0 : 36448, 1, 2024/06/18, 12:17:58.805, 3552267109320, vstest.console.dll, TestPluginCache.GetExtensionPaths: Filtered extension paths: 
TpTrace Verbose: 0 : 36448, 1, 2024/06/18, 12:17:58.805, 3552267109959, vstest.console.dll, TestPluginCache.GetExtensionPaths: Added default extension paths: C:\Program Files\dotnet\sdk\8.0.300\Extensions\Microsoft.Diagnostics.NETCore.Client.dll
C:\Program Files\dotnet\sdk\8.0.300\Extensions\Microsoft.TestPlatform.Extensions.BlameDataCollector.dll
C:\Program Files\dotnet\sdk\8.0.300\Extensions\Microsoft.TestPlatform.Extensions.EventLogCollector.dll
C:\Program Files\dotnet\sdk\8.0.300\Extensions\Microsoft.TestPlatform.TestHostRuntimeProvider.dll
C:\Program Files\dotnet\sdk\8.0.300\Extensions\Microsoft.VisualStudio.TestPlatform.Extensions.Html.TestLogger.dll
C:\Program Files\dotnet\sdk\8.0.300\Extensions\Microsoft.VisualStudio.TestPlatform.Extensions.Trx.TestLogger.dll
TpTrace Verbose: 0 : 36448, 1, 2024/06/18, 12:17:58.805, 3552267110454, vstest.console.dll, TestPluginCache.GetExtensionPaths: Added unfilterableExtensionPaths: 
TpTrace Verbose: 0 : 36448, 1, 2024/06/18, 12:17:58.805, 3552267111014, vstest.console.dll, TestPluginCache.DiscoverTestExtensions: Discovering the extensions using allExtensionPaths: C:\Program Files\dotnet\sdk\8.0.300\Extensions\Microsoft.Diagnostics.NETCore.Client.dll
C:\Program Files\dotnet\sdk\8.0.300\Extensions\Microsoft.TestPlatform.Extensions.BlameDataCollector.dll
C:\Program Files\dotnet\sdk\8.0.300\Extensions\Microsoft.TestPlatform.Extensions.EventLogCollector.dll
C:\Program Files\dotnet\sdk\8.0.300\Extensions\Microsoft.TestPlatform.TestHostRuntimeProvider.dll
C:\Program Files\dotnet\sdk\8.0.300\Extensions\Microsoft.VisualStudio.TestPlatform.Extensions.Html.TestLogger.dll
C:\Program Files\dotnet\sdk\8.0.300\Extensions\Microsoft.VisualStudio.TestPlatform.Extensions.Trx.TestLogger.dll
TpTrace Information: 0 : 36448, 1, 2024/06/18, 12:17:58.806, 3552267112586, vstest.console.dll, AssemblyResolver.AddSearchDirectories: Adding more searchDirectories C:\Program Files\dotnet\sdk\8.0.300\Extensions,C:\Program Files\dotnet\sdk\8.0.300
TpTrace Information: 0 : 36448, 1, 2024/06/18, 12:17:58.806, 3552267113284, vstest.console.dll, AssemblyResolver.AddSearchDirectories: Adding more searchDirectories C:\Program Files\dotnet\sdk\8.0.300\Extensions,C:\Program Files\dotnet\sdk\8.0.300
TpTrace Information: 0 : 36448, 1, 2024/06/18, 12:17:58.806, 3552267113872, vstest.console.dll, AssemblyResolver.AddSearchDirectories: Adding more searchDirectories C:\Program Files\dotnet\sdk\8.0.300\Extensions,C:\Program Files\dotnet\sdk\8.0.300
TpTrace Information: 0 : 36448, 1, 2024/06/18, 12:17:58.806, 3552267114327, vstest.console.dll, AssemblyResolver.AddSearchDirectories: Adding more searchDirectories C:\Program Files\dotnet\sdk\8.0.300\Extensions,C:\Program Files\dotnet\sdk\8.0.300
TpTrace Information: 0 : 36448, 1, 2024/06/18, 12:17:58.806, 3552267114781, vstest.console.dll, AssemblyResolver.AddSearchDirectories: Adding more searchDirectories C:\Program Files\dotnet\sdk\8.0.300\Extensions,C:\Program Files\dotnet\sdk\8.0.300
TpTrace Information: 0 : 36448, 1, 2024/06/18, 12:17:58.806, 3552267115400, vstest.console.dll, AssemblyResolver.AddSearchDirectories: Adding more searchDirectories C:\Program Files\dotnet\sdk\8.0.300\Extensions,C:\Program Files\dotnet\sdk\8.0.300
TpTrace Verbose: 0 : 36448, 1, 2024/06/18, 12:17:58.806, 3552267117649, vstest.console.dll, MetadataReaderExtensionsHelper: Discovering extensions inside assembly 'Microsoft.Diagnostics.NETCore.Client, Version=0.2.10.15101, Culture=neutral, PublicKeyToken=31bf3856ad364e35' file path 'C:\Program Files\dotnet\sdk\8.0.300\Extensions\Microsoft.Diagnostics.NETCore.Client.dll'
TpTrace Information: 0 : 36448, 1, 2024/06/18, 12:17:58.807, 3552267131101, vstest.console.dll, AssemblyResolver.OnResolve: Microsoft.Bcl.AsyncInterfaces: Resolving assembly.
TpTrace Information: 0 : 36448, 1, 2024/06/18, 12:17:58.807, 3552267132497, vstest.console.dll, AssemblyResolver.OnResolve: Microsoft.Bcl.AsyncInterfaces: Resolved from cache.
TpTrace Verbose: 0 : 36448, 1, 2024/06/18, 12:17:58.808, 3552267133064, vstest.console.dll, CurrentDomainAssemblyResolve: Resolving assembly 'Microsoft.Bcl.AsyncInterfaces'.
TpTrace Information: 0 : 36448, 1, 2024/06/18, 12:17:58.808, 3552267134037, vstest.console.dll, AssemblyResolver.OnResolve: Microsoft.Bcl.AsyncInterfaces: Resolving assembly.
TpTrace Information: 0 : 36448, 1, 2024/06/18, 12:17:58.808, 3552267134794, vstest.console.dll, AssemblyResolver.OnResolve: Microsoft.Bcl.AsyncInterfaces: Resolved from cache.
TpTrace Verbose: 0 : 36448, 1, 2024/06/18, 12:17:58.808, 3552267135374, vstest.console.dll, CurrentDomainAssemblyResolve: Resolving assembly 'Microsoft.Bcl.AsyncInterfaces'.
TpTrace Verbose: 0 : 36448, 1, 2024/06/18, 12:17:58.808, 3552267135936, vstest.console.dll, CurrentDomainAssemblyResolve: Failed to resolve assembly 'Microsoft.Bcl.AsyncInterfaces'.
TpTrace Verbose: 0 : 36448, 1, 2024/06/18, 12:17:58.808, 3552267138839, vstest.console.dll, CurrentDomainAssemblyResolve: Failed to resolve assembly 'Microsoft.Bcl.AsyncInterfaces'.
TpTrace Warning: 0 : 36448, 1, 2024/06/18, 12:17:58.809, 3552267145907, vstest.console.dll, TestPluginDiscoverer: Failed to get types from assembly 'Microsoft.Diagnostics.NETCore.Client, Version=0.2.10.15101, Culture=neutral, PublicKeyToken=31bf3856ad364e35'. Error: System.Reflection.ReflectionTypeLoadException: Unable to load one or more of the requested types.
Could not load file or assembly 'Microsoft.Bcl.AsyncInterfaces, Version=6.0.0.0, Culture=neutral, PublicKeyToken=cc7b13ffcd2ddd51'. The system cannot find the file specified.
   at System.Reflection.RuntimeModule.GetTypes(RuntimeModule module)
   at System.Reflection.RuntimeModule.GetTypes()
   at Microsoft.VisualStudio.TestPlatform.Common.ExtensionFramework.TestPluginDiscoverer.GetTestExtensionsFromAssembly[TPluginInfo,TExtension](Assembly assembly, Dictionary`2 pluginInfos, String filePath) in /_/src/Microsoft.TestPlatform.Common/ExtensionFramework/TestPluginDiscoverer.cs:line 158
System.IO.FileNotFoundException: Could not load file or assembly 'Microsoft.Bcl.AsyncInterfaces, Version=6.0.0.0, Culture=neutral, PublicKeyToken=cc7b13ffcd2ddd51'. The system cannot find the file specified.
File name: 'Microsoft.Bcl.AsyncInterfaces, Version=6.0.0.0, Culture=neutral, PublicKeyToken=cc7b13ffcd2ddd51'
 ---> System.IO.FileNotFoundException: Could not load file or assembly 'Microsoft.Bcl.AsyncInterfaces, Culture=neutral, PublicKeyToken=null'. The system cannot find the file specified.
File name: 'Microsoft.Bcl.AsyncInterfaces, Culture=neutral, PublicKeyToken=null'
   at System.Reflection.RuntimeAssembly.InternalLoad(AssemblyName assemblyName, StackCrawlMark& stackMark, AssemblyLoadContext assemblyLoadContext, RuntimeAssembly requestingAssembly, Boolean throwOnFileNotFound)
   at System.Reflection.Assembly.Load(AssemblyName assemblyRef)
   at Microsoft.VisualStudio.TestPlatform.Common.ExtensionFramework.TestPluginCache.CurrentDomainAssemblyResolve(Object sender, AssemblyResolveEventArgs args) in /_/src/Microsoft.TestPlatform.Common/ExtensionFramework/TestPluginCache.cs:line 513
   at System.Runtime.Loader.AssemblyLoadContext.GetFirstResolvedAssemblyFromResolvingEvent(AssemblyName assemblyName)
   at System.Runtime.Loader.AssemblyLoadContext.ResolveUsingEvent(AssemblyName assemblyName)
   at System.Runtime.Loader.AssemblyLoadContext.ResolveUsingResolvingEvent(IntPtr gchManagedAssemblyLoadContext, AssemblyName assemblyName)
TpTrace Warning: 0 : 36448, 1, 2024/06/18, 12:17:58.809, 3552267150138, vstest.console.dll, LoaderExceptions: System.IO.FileNotFoundException: Could not load file or assembly 'Microsoft.Bcl.AsyncInterfaces, Version=6.0.0.0, Culture=neutral, PublicKeyToken=cc7b13ffcd2ddd51'. The system cannot find the file specified.
File name: 'Microsoft.Bcl.AsyncInterfaces, Version=6.0.0.0, Culture=neutral, PublicKeyToken=cc7b13ffcd2ddd51'
 ---> System.IO.FileNotFoundException: Could not load file or assembly 'Microsoft.Bcl.AsyncInterfaces, Culture=neutral, PublicKeyToken=null'. The system cannot find the file specified.
File name: 'Microsoft.Bcl.AsyncInterfaces, Culture=neutral, PublicKeyToken=null'
   at System.Reflection.RuntimeAssembly.InternalLoad(AssemblyName assemblyName, StackCrawlMark& stackMark, AssemblyLoadContext assemblyLoadContext, RuntimeAssembly requestingAssembly, Boolean throwOnFileNotFound)
   at System.Reflection.Assembly.Load(AssemblyName assemblyRef)
   at Microsoft.VisualStudio.TestPlatform.Common.ExtensionFramework.TestPluginCache.CurrentDomainAssemblyResolve(Object sender, AssemblyResolveEventArgs args) in /_/src/Microsoft.TestPlatform.Common/ExtensionFramework/TestPluginCache.cs:line 513
   at System.Runtime.Loader.AssemblyLoadContext.GetFirstResolvedAssemblyFromResolvingEvent(AssemblyName assemblyName)
   at System.Runtime.Loader.AssemblyLoadContext.ResolveUsingEvent(AssemblyName assemblyName)
   at System.Runtime.Loader.AssemblyLoadContext.ResolveUsingResolvingEvent(IntPtr gchManagedAssemblyLoadContext, AssemblyName assemblyName)
TpTrace Verbose: 0 : 36448, 1, 2024/06/18, 12:17:58.809, 3552267152487, vstest.console.dll, MetadataReaderExtensionsHelper: Discovering extensions inside assembly 'Microsoft.TestPlatform.Extensions.BlameDataCollector, Version=15.0.0.0, Culture=neutral, PublicKeyToken=b03f5f7f11d50a3a' file path 'C:\Program Files\dotnet\sdk\8.0.300\Extensions\Microsoft.TestPlatform.Extensions.BlameDataCollector.dll'
TpTrace Information: 0 : 36448, 1, 2024/06/18, 12:17:58.811, 3552267165882, vstest.console.dll, GetTestExtensionFromType: Register extension with identifier data 'logger://Microsoft/TestPlatform/Extensions/Blame/v1' and type 'Microsoft.TestPlatform.Extensions.BlameDataCollector.BlameLogger, Microsoft.TestPlatform.Extensions.BlameDataCollector, Version=15.0.0.0, Culture=neutral, PublicKeyToken=b03f5f7f11d50a3a' inside file 'C:\Program Files\dotnet\sdk\8.0.300\Extensions\Microsoft.TestPlatform.Extensions.BlameDataCollector.dll'
TpTrace Verbose: 0 : 36448, 1, 2024/06/18, 12:17:58.811, 3552267168117, vstest.console.dll, MetadataReaderExtensionsHelper: Discovering extensions inside assembly 'Microsoft.TestPlatform.Extensions.EventLogCollector, Version=15.0.0.0, Culture=neutral, PublicKeyToken=b03f5f7f11d50a3a' file path 'C:\Program Files\dotnet\sdk\8.0.300\Extensions\Microsoft.TestPlatform.Extensions.EventLogCollector.dll'
TpTrace Verbose: 0 : 36448, 1, 2024/06/18, 12:17:58.812, 3552267174417, vstest.console.dll, MetadataReaderExtensionsHelper: Discovering extensions inside assembly 'Microsoft.TestPlatform.TestHostRuntimeProvider, Version=15.0.0.0, Culture=neutral, PublicKeyToken=b03f5f7f11d50a3a' file path 'C:\Program Files\dotnet\sdk\8.0.300\Extensions\Microsoft.TestPlatform.TestHostRuntimeProvider.dll'
TpTrace Verbose: 0 : 36448, 1, 2024/06/18, 12:17:58.812, 3552267180963, vstest.console.dll, MetadataReaderExtensionsHelper: Discovering extensions inside assembly 'Microsoft.VisualStudio.TestPlatform.Extensions.Html.TestLogger, Version=15.0.0.0, Culture=neutral, PublicKeyToken=b03f5f7f11d50a3a' file path 'C:\Program Files\dotnet\sdk\8.0.300\Extensions\Microsoft.VisualStudio.TestPlatform.Extensions.Html.TestLogger.dll'
TpTrace Information: 0 : 36448, 1, 2024/06/18, 12:17:58.813, 3552267192099, vstest.console.dll, GetTestExtensionFromType: Register extension with identifier data 'logger://Microsoft/TestPlatform/HtmlLogger/v1' and type 'Microsoft.VisualStudio.TestPlatform.Extensions.HtmlLogger.HtmlLogger, Microsoft.VisualStudio.TestPlatform.Extensions.Html.TestLogger, Version=15.0.0.0, Culture=neutral, PublicKeyToken=b03f5f7f11d50a3a' inside file 'C:\Program Files\dotnet\sdk\8.0.300\Extensions\Microsoft.VisualStudio.TestPlatform.Extensions.Html.TestLogger.dll'
TpTrace Verbose: 0 : 36448, 1, 2024/06/18, 12:17:58.814, 3552267193756, vstest.console.dll, MetadataReaderExtensionsHelper: Discovering extensions inside assembly 'Microsoft.VisualStudio.TestPlatform.Extensions.Trx.TestLogger, Version=15.0.0.0, Culture=neutral, PublicKeyToken=b03f5f7f11d50a3a' file path 'C:\Program Files\dotnet\sdk\8.0.300\Extensions\Microsoft.VisualStudio.TestPlatform.Extensions.Trx.TestLogger.dll'
TpTrace Information: 0 : 36448, 1, 2024/06/18, 12:17:58.814, 3552267201335, vstest.console.dll, GetTestExtensionFromType: Register extension with identifier data 'logger://Microsoft/TestPlatform/TrxLogger/v1' and type 'Microsoft.VisualStudio.TestPlatform.Extensions.TrxLogger.TrxLogger, Microsoft.VisualStudio.TestPlatform.Extensions.Trx.TestLogger, Version=15.0.0.0, Culture=neutral, PublicKeyToken=b03f5f7f11d50a3a' inside file 'C:\Program Files\dotnet\sdk\8.0.300\Extensions\Microsoft.VisualStudio.TestPlatform.Extensions.Trx.TestLogger.dll'
TpTrace Verbose: 0 : 36448, 1, 2024/06/18, 12:17:58.814, 3552267202499, vstest.console.dll, TestPluginCache: Discovered the extensions using extension path ''.
TpTrace Verbose: 0 : 36448, 1, 2024/06/18, 12:17:58.815, 3552267203128, vstest.console.dll, TestPluginCache: Discoverers are ''.
TpTrace Verbose: 0 : 36448, 1, 2024/06/18, 12:17:58.815, 3552267203542, vstest.console.dll, TestPluginCache: Executors are ''.
TpTrace Verbose: 0 : 36448, 1, 2024/06/18, 12:17:58.815, 3552267203946, vstest.console.dll, TestPluginCache: Executors2 are ''.
TpTrace Verbose: 0 : 36448, 1, 2024/06/18, 12:17:58.815, 3552267204355, vstest.console.dll, TestPluginCache: Setting providers are ''.
TpTrace Verbose: 0 : 36448, 1, 2024/06/18, 12:17:58.815, 3552267208007, vstest.console.dll, TestPluginCache: Loggers are 'logger://Microsoft/TestPlatform/Extensions/Blame/v1,logger://Microsoft/TestPlatform/HtmlLogger/v1,logger://Microsoft/TestPlatform/TrxLogger/v1'.
TpTrace Verbose: 0 : 36448, 1, 2024/06/18, 12:17:58.815, 3552267211175, vstest.console.dll, TestPluginCache: TestHosts are 'HostProvider://DefaultTestHost,HostProvider://DotnetTestHost'.
TpTrace Verbose: 0 : 36448, 1, 2024/06/18, 12:17:58.815, 3552267212295, vstest.console.dll, TestPluginCache: DataCollectors are ''.
TpTrace Information: 0 : 36448, 1, 2024/06/18, 12:17:58.817, 3552267231988, vstest.console.dll, TestPluginManager.CreateTestExtension: Attempting to load test extension: Microsoft.TestPlatform.Extensions.BlameDataCollector.BlameLogger
TpTrace Verbose: 0 : 36448, 1, 2024/06/18, 12:17:58.841, 3552267462728, vstest.console.dll, TestEngine: Initializing Parallel Execution as MaxCpuCount is set to: 1
TpTrace Information: 0 : 36448, 1, 2024/06/18, 12:17:58.844, 3552267493643, vstest.console.dll, TestPluginManager.CreateTestExtension: Attempting to load test extension: Microsoft.VisualStudio.TestPlatform.CrossPlatEngine.Hosting.DefaultTestHostManager
TpTrace Information: 0 : 36448, 1, 2024/06/18, 12:17:58.846, 3552267513599, vstest.console.dll, TestPluginManager.CreateTestExtension: Attempting to load test extension: Microsoft.VisualStudio.TestPlatform.CrossPlatEngine.Hosting.DotnetTestHostManager
TpTrace Information: 0 : 36448, 1, 2024/06/18, 12:17:58.847, 3552267529405, vstest.console.dll, InferRunSettingsHelper.IsTestSettingsEnabled: Unable to navigate to RunSettings/MSTest. Current node: RunSettings
TpTrace Verbose: 0 : 36448, 1, 2024/06/18, 12:17:58.849, 3552267551625, vstest.console.dll, ParallelOperationManager.ClearSlots: Clearing all slots. Slots should accept more work: True
TpTrace Verbose: 0 : 36448, 1, 2024/06/18, 12:17:58.851, 3552267566712, vstest.console.dll, ParallelOperationManager.SetOccupiedSlotCount: Setting slot counts AvailableSlotCount = 1, OccupiedSlotCount = 0.
TpTrace Verbose: 0 : 36448, 1, 2024/06/18, 12:17:58.851, 3552267572072, vstest.console.dll, Occupied slots:

TpTrace Verbose: 0 : 36448, 1, 2024/06/18, 12:17:58.856, 3552267616583, vstest.console.dll, TestEngine.GetExecutionManager: Chosen execution manager 'Microsoft.VisualStudio.TestPlatform.CrossPlatEngine.Client.Parallel.ParallelProxyExecutionManager, Microsoft.TestPlatform.CrossPlatEngine, Version=15.0.0.0, Culture=neutral, PublicKeyToken=b03f5f7f11d50a3a' ParallelLevel '1'.
TpTrace Verbose: 0 : 36448, 1, 2024/06/18, 12:17:58.856, 3552267619279, vstest.console.dll, TestRunRequest.ExecuteAsync: Creating test run request.
TpTrace Verbose: 0 : 36448, 1, 2024/06/18, 12:17:58.857, 3552267622610, vstest.console.dll, TestRunRequest.ExecuteAsync: Starting.
TpTrace Information: 0 : 36448, 1, 2024/06/18, 12:17:58.858, 3552267640306, vstest.console.dll, TestRunRequest.ExecuteAsync: Starting run with settings:TestRunCriteria:
   KeepAlive=False,FrequencyOfRunStatsChangeEvent=10,RunStatsChangeEventTimeout=00:00:01.5000000,TestCaseFilter=,TestExecutorLauncher=
   Settingsxml=<RunSettings>
  <RunConfiguration>
    <ResultsDirectory>C:\Minor Project\MatrimonialUnitTest\bin\Debug\net6.0\fine-code-coverage\coverage-tool-output</ResultsDirectory>
    <TargetPlatform>X64</TargetPlatform>
    <TargetFrameworkVersion>.NETCoreApp,Version=v6.0</TargetFrameworkVersion>
    <DesignMode>False</DesignMode>
    <CollectSourceInformation>False</CollectSourceInformation>
  </RunConfiguration>
  <LoggerRunSettings>
    <Loggers>
      <Logger friendlyName="blame" enabled="True" />
      <Logger friendlyName="Console" uri="logger://microsoft/TestPlatform/ConsoleLogger/v1" assemblyQualifiedName="Microsoft.VisualStudio.TestPlatform.CommandLine.Internal.ConsoleLogger, vstest.console, Version=15.0.0.0, Culture=neutral, PublicKeyToken=b03f5f7f11d50a3a" codeBase="C:\Program Files\dotnet\sdk\8.0.300\vstest.console.dll" enabled="True" />
    </Loggers>
  </LoggerRunSettings>
  <DataCollectionRunSettings>
    <DataCollectors>
      <DataCollector friendlyName="blame" enabled="True">
        <Configuration>
          <ResultsDirectory>C:\Minor Project\MatrimonialUnitTest\bin\Debug\net6.0\fine-code-coverage\coverage-tool-output</ResultsDirectory>
        </Configuration>
      </DataCollector>
    </DataCollectors>
  </DataCollectionRunSettings>
</RunSettings>

TpTrace Verbose: 0 : 36448, 1, 2024/06/18, 12:17:58.859, 3552267642679, vstest.console.dll, TestRunRequest.ExecuteAsync: Wait for the first run request is over.
TpTrace Verbose: 0 : 36448, 1, 2024/06/18, 12:17:58.859, 3552267647802, vstest.console.dll, MulticastDelegateUtilities.SafeInvoke: TestRun.TestRunStart: Invoking callbacks was skipped because there are no subscribers.
TpTrace Verbose: 0 : 36448, 4, 2024/06/18, 12:17:58.859, 3552267651688, vstest.console.dll, MulticastDelegateUtilities.SafeInvoke: InternalTestLoggerEvents.SendTestRunStart: Invoking callback 1/1 for Microsoft.VisualStudio.TestPlatform.CommandLine.Internal.ConsoleLogger., took 0 ms.
TpTrace Verbose: 0 : 36448, 1, 2024/06/18, 12:17:58.861, 3552267671569, vstest.console.dll, ParallelProxyExecutionManager: Start execution. Total sources: 1
TpTrace Verbose: 0 : 36448, 1, 2024/06/18, 12:17:58.863, 3552267685494, vstest.console.dll, ParallelOperationManager.StartWork: Starting adding 1 workloads.
TpTrace Verbose: 0 : 36448, 1, 2024/06/18, 12:17:58.863, 3552267687943, vstest.console.dll, ParallelOperationManager.ClearSlots: Clearing all slots. Slots should accept more work: True
TpTrace Verbose: 0 : 36448, 1, 2024/06/18, 12:17:58.863, 3552267689508, vstest.console.dll, ParallelOperationManager.SetOccupiedSlotCount: Setting slot counts AvailableSlotCount = 1, OccupiedSlotCount = 0.
TpTrace Verbose: 0 : 36448, 1, 2024/06/18, 12:17:58.863, 3552267690415, vstest.console.dll, Occupied slots:

TpTrace Verbose: 0 : 36448, 1, 2024/06/18, 12:17:58.867, 3552267723618, vstest.console.dll, TestRequestSender is acting as server.
TpTrace Verbose: 0 : 36448, 1, 2024/06/18, 12:17:58.872, 3552267778429, vstest.console.dll, ParallelOperationManager.RunWorkInParallel: Adding 1 workload to slot, remaining workloads 0.
TpTrace Verbose: 0 : 36448, 1, 2024/06/18, 12:17:58.872, 3552267781235, vstest.console.dll, ParallelOperationManager.SetOccupiedSlotCount: Setting slot counts AvailableSlotCount = 0, OccupiedSlotCount = 1.
TpTrace Verbose: 0 : 36448, 1, 2024/06/18, 12:17:58.873, 3552267784215, vstest.console.dll, Occupied slots:
0: C:\Minor Project\MatrimonialUnitTest\bin\Debug\net6.0\fine-code-coverage\build-output\MatrimonialUnitTest.dll
TpTrace Verbose: 0 : 36448, 1, 2024/06/18, 12:17:58.875, 3552267806681, vstest.console.dll, ParallelOperationManager.RunWorkInParallel: Started host in slot number 0 for work (source): C:\Minor Project\MatrimonialUnitTest\bin\Debug\net6.0\fine-code-coverage\build-output\MatrimonialUnitTest.dll.
TpTrace Verbose: 0 : 36448, 1, 2024/06/18, 12:17:58.877, 3552267824585, vstest.console.dll, ParallelOperationManager.RunWorkInParallel: We started 1 work items, which is the max parallel level. Won't start more work.
TpTrace Verbose: 0 : 36448, 1, 2024/06/18, 12:17:58.877, 3552267829124, vstest.console.dll, ParallelOperationManager.RunWorkInParallel: We started 1 work items in here, returning True.
TpTrace Verbose: 0 : 36448, 5, 2024/06/18, 12:17:58.877, 3552267829219, vstest.console.dll, ParallelProxyExecutionManager.StartTestRunOnConcurrentManager: Initializing uninitialized client. Started clients: 0
TpTrace Information: 0 : 36448, 1, 2024/06/18, 12:17:58.877, 3552267830066, vstest.console.dll, TestRunRequest.ExecuteAsync: Started.
TpTrace Verbose: 0 : 36448, 5, 2024/06/18, 12:17:58.878, 3552267832566, vstest.console.dll, DataCollectionRequestSender.InitializeCommunication : Initialize communication. 
TpTrace Verbose: 0 : 36448, 1, 2024/06/18, 12:17:58.879, 3552267843706, vstest.console.dll, TestRunRequest.WaitForCompletion: Waiting with timeout -1.
TpTrace Information: 0 : 36448, 5, 2024/06/18, 12:17:58.894, 3552267992793, vstest.console.dll, Listening on Endpoint : 127.0.0.1:52719
TpTrace Verbose: 0 : 36448, 5, 2024/06/18, 12:17:58.910, 3552268155425, vstest.console.dll, DotnetDataCollectionLauncher: Adding  --runtimeconfig "C:\Program Files\dotnet\sdk\8.0.300\datacollector.runtimeconfig.json" in args
TpTrace Verbose: 0 : 36448, 5, 2024/06/18, 12:17:58.911, 3552268162673, vstest.console.dll, DotnetDataCollectionLauncher: Adding  --depsfile "C:\Program Files\dotnet\sdk\8.0.300\datacollector.deps.json" in args
TpTrace Verbose: 0 : 36448, 5, 2024/06/18, 12:17:58.912, 3552268180273, vstest.console.dll, DotnetDataCollectionLauncher: Full path of dotnet.exe is C:\Program Files\dotnet\dotnet.exe
TpTrace Information: 0 : 36448, 5, 2024/06/18, 12:17:58.953, 3552268584290, vstest.console.dll, ProxyDataCollectionManager.Initialize: Launched datacollector processId: 37412 port: 52719
TpTrace Information: 0 : 36448, 5, 2024/06/18, 12:17:58.953, 3552268587381, vstest.console.dll, ProxyDataCollectionManager.Initialize: waiting for connection with timeout: 90 seconds
TpTrace Verbose: 0 : 36448, 5, 2024/06/18, 12:17:58.953, 3552268588459, vstest.console.dll, DataCollectionRequestSender.WaitForRequestHandlerConnection : Waiting for connection with timeout: 90000
TpTrace Information: 0 : 36448, 10, 2024/06/18, 12:17:59.451, 3552273568166, vstest.console.dll, Using the buffer size of 16384 bytes
TpTrace Verbose: 0 : 36448, 5, 2024/06/18, 12:17:59.451, 3552273568476, vstest.console.dll, SocketCommunicationManager.WaitForClientConnection took: 497 ms, with 90000 ms timeout, and finished with True.
TpTrace Information: 0 : 36448, 10, 2024/06/18, 12:17:59.451, 3552273570006, vstest.console.dll, Accepted Client request and set the flag
TpTrace Verbose: 0 : 36448, 5, 2024/06/18, 12:17:59.451, 3552273572016, vstest.console.dll, ProxyDataCollectionManager.InvokeDataCollectionServiceAction: Starting.
TpTrace Information: 0 : 36448, 5, 2024/06/18, 12:17:59.452, 3552273573794, vstest.console.dll, ProxyDataCollectionManager.BeforeTestRunStart: Get environment variable and port for datacollector processId: 37412 port: 52719
TpTrace Verbose: 0 : 36448, 5, 2024/06/18, 12:17:59.452, 3552273576035, vstest.console.dll, DataCollectionRequestSender.SendBeforeTestRunStartAndGetResult: Send BeforeTestRunStart message with settingsXml <RunSettings><RunConfiguration><ResultsDirectory>C:\Minor Project\MatrimonialUnitTest\bin\Debug\net6.0\fine-code-coverage\coverage-tool-output</ResultsDirectory><TargetPlatform>X64</TargetPlatform><TargetFrameworkVersion>.NETCoreApp,Version=v6.0</TargetFrameworkVersion><DesignMode>False</DesignMode><CollectSourceInformation>False</CollectSourceInformation><TestAdaptersPaths>C:\Program Files\dotnet\sdk\8.0.300\Extensions</TestAdaptersPaths></RunConfiguration><LoggerRunSettings><Loggers><Logger friendlyName="blame" enabled="True" /><Logger friendlyName="Console" uri="logger://microsoft/TestPlatform/ConsoleLogger/v1" assemblyQualifiedName="Microsoft.VisualStudio.TestPlatform.CommandLine.Internal.ConsoleLogger, vstest.console, Version=15.0.0.0, Culture=neutral, PublicKeyToken=b03f5f7f11d50a3a" codeBase="C:\Program Files\dotnet\sdk\8.0.300\vstest.console.dll" enabled="True" /></Loggers></LoggerRunSettings><DataCollectionRunSettings><DataCollectors><DataCollector friendlyName="blame" enabled="True"><Configuration><ResultsDirectory>C:\Minor Project\MatrimonialUnitTest\bin\Debug\net6.0\fine-code-coverage\coverage-tool-output</ResultsDirectory></Configuration></DataCollector></DataCollectors></DataCollectionRunSettings></RunSettings> and sources System.Collections.Generic.List`1[System.String]: 
TpTrace Verbose: 0 : 36448, 5, 2024/06/18, 12:17:59.602, 3552275074026, vstest.console.dll, DataCollectionRequestSender.SendBeforeTestRunStartAndGetResult: Received message: (DataCollection.SendMessage) -> {"MessageType":"DataCollection.SendMessage","Payload":{"FriendlyName":null,"Uri":null,"TestCaseId":"00000000-0000-0000-0000-000000000000","Message":"Logging DataCollector Diagnostics in file: C:\\Minor Project\\MatrimonialUnitTest\\bin\\Debug\\net6.0\\fine-code-coverage\\coverage-tool-output\\diagnostics.datacollector.24-06-18_12-17-58_90915_5.log","Level":0}}
TpTrace Verbose: 0 : 36448, 5, 2024/06/18, 12:17:59.861, 3552277663577, vstest.console.dll, DataCollectionRequestSender.SendBeforeTestRunStartAndGetResult: Received message: (DataCollection.BeforeTestRunStartResult) -> {"MessageType":"DataCollection.BeforeTestRunStartResult","Payload":{"EnvironmentVariables":{},"DataCollectionEventsPort":52722}}
TpTrace Information: 0 : 36448, 5, 2024/06/18, 12:17:59.870, 3552277758294, vstest.console.dll, ProxyDataCollectionManager.BeforeTestRunStart: SendBeforeTestRunStartAndGetResult successful, env variable from datacollector:   and testhost port: 52722
TpTrace Information: 0 : 36448, 5, 2024/06/18, 12:17:59.870, 3552277760618, vstest.console.dll, ProxyDataCollectionManager.InvokeDataCollectionServiceAction: Completed.
TpTrace Verbose: 0 : 36448, 5, 2024/06/18, 12:17:59.870, 3552277761574, vstest.console.dll, ParallelProxyExecutionManager.StartTestRunOnConcurrentManager: Initializing test run. Started clients: 0
TpTrace Verbose: 0 : 36448, 5, 2024/06/18, 12:17:59.871, 3552277763319, vstest.console.dll, ProxyExecutionManager: Test host is always Lazy initialize.
TpTrace Verbose: 0 : 36448, 5, 2024/06/18, 12:17:59.871, 3552277767408, vstest.console.dll, TestRequestSender.InitializeCommunication: initialize communication. 
TpTrace Information: 0 : 36448, 5, 2024/06/18, 12:17:59.872, 3552277779811, vstest.console.dll, SocketServer.Start: Listening on endpoint : 127.0.0.1:52723
TpTrace Verbose: 0 : 36448, 5, 2024/06/18, 12:17:59.874, 3552277795950, vstest.console.dll, DotnetTestHostmanager.GetTestHostProcessStartInfo: Platform environment 'X64' target architecture 'X64' framework '.NETCoreApp,Version=v6.0' OS 'Windows'
TpTrace Verbose: 0 : 36448, 5, 2024/06/18, 12:17:59.875, 3552277805224, vstest.console.dll, DotnetTestHostmanager: Adding  --runtimeconfig "C:\Minor Project\MatrimonialUnitTest\bin\Debug\net6.0\fine-code-coverage\build-output\MatrimonialUnitTest.runtimeconfig.json" in args
TpTrace Verbose: 0 : 36448, 5, 2024/06/18, 12:17:59.875, 3552277811226, vstest.console.dll, DotnetTestHostmanager: Adding  --depsfile "C:\Minor Project\MatrimonialUnitTest\bin\Debug\net6.0\fine-code-coverage\build-output\MatrimonialUnitTest.deps.json" in args
TpTrace Verbose: 0 : 36448, 5, 2024/06/18, 12:17:59.876, 3552277816953, vstest.console.dll, DotnetTestHostmanager.IsWinOnArm: Current PROCESSOR_ARCHITECTURE from environment variable 'AMD64'
TpTrace Verbose: 0 : 36448, 5, 2024/06/18, 12:17:59.876, 3552277818406, vstest.console.dll, DotnetTestHostmanager.IsWinOnArm: Is Windows on ARM 'False'
TpTrace Verbose: 0 : 36448, 5, 2024/06/18, 12:17:59.876, 3552277820401, vstest.console.dll, DotnetTestHostManager: testhost.exe found at path: C:\Minor Project\MatrimonialUnitTest\bin\Debug\net6.0\fine-code-coverage\build-output\testhost.exe
TpTrace Verbose: 0 : 36448, 5, 2024/06/18, 12:17:59.876, 3552277821437, vstest.console.dll, DotnetTestHostmanager: Full path of host exe is C:\Minor Project\MatrimonialUnitTest\bin\Debug\net6.0\fine-code-coverage\build-output\testhost.exe
TpTrace Verbose: 0 : 36448, 5, 2024/06/18, 12:17:59.877, 3552277823979, vstest.console.dll, DotnetTestHostmanager.LaunchTestHostAsync: Found 'VSTEST_WINAPPHOST_DOTNET_ROOT' in env variables, value 'C:\Program Files\dotnet', forwarding to 'DOTNET_ROOT'
TpTrace Verbose: 0 : 36448, 5, 2024/06/18, 12:17:59.877, 3552277828542, vstest.console.dll, DotnetTestHostManager: Starting process 'C:\Minor Project\MatrimonialUnitTest\bin\Debug\net6.0\fine-code-coverage\build-output\testhost.exe' with command line ' --runtimeconfig "C:\Minor Project\MatrimonialUnitTest\bin\Debug\net6.0\fine-code-coverage\build-output\MatrimonialUnitTest.runtimeconfig.json" --depsfile "C:\Minor Project\MatrimonialUnitTest\bin\Debug\net6.0\fine-code-coverage\build-output\MatrimonialUnitTest.deps.json" --port 52723 --endpoint 127.0.0.1:052723 --role client --parentprocessid 36448 --diag "C:\Minor Project\MatrimonialUnitTest\bin\Debug\net6.0\fine-code-coverage\coverage-tool-output\diagnostics.host.24-06-18_12-17-59_87357_5.log" --tracelevel 4 --datacollectionport 52722 --telemetryoptedin false'
TpTrace Verbose: 0 : 36448, 5, 2024/06/18, 12:17:59.891, 3552277963676, vstest.console.dll, MulticastDelegateUtilities.SafeInvoke: HostProviderEvents.OnHostLaunched: Invoking callback 1/2 for Microsoft.VisualStudio.TestPlatform.CrossPlatEngine.Client.ProxyExecutionManagerWithDataCollection., took 1 ms.
TpTrace Verbose: 0 : 36448, 5, 2024/06/18, 12:17:59.891, 3552277969873, vstest.console.dll, Test Runtime launched
TpTrace Verbose: 0 : 36448, 5, 2024/06/18, 12:17:59.891, 3552277971398, vstest.console.dll, MulticastDelegateUtilities.SafeInvoke: HostProviderEvents.OnHostLaunched: Invoking callback 2/2 for Microsoft.VisualStudio.TestPlatform.CrossPlatEngine.Client.ProxyOperationManager., took 0 ms.
TpTrace Verbose: 0 : 36448, 5, 2024/06/18, 12:17:59.892, 3552277973611, vstest.console.dll, TestRequestSender.WaitForRequestHandlerConnection: waiting for connection with timeout: 90000.
TpTrace Verbose: 0 : 36448, 5, 2024/06/18, 12:18:00.563, 3552284688511, vstest.console.dll, TestRequestSender.WaitForRequestHandlerConnection: waiting took 671 ms, with timeout 90000 ms, and result 0, which is success.
TpTrace Verbose: 0 : 36448, 12, 2024/06/18, 12:18:00.563, 3552284688511, vstest.console.dll, MulticastDelegateUtilities.SafeInvoke: SocketServer: ClientConnected: Invoking callback 1/1 for Microsoft.VisualStudio.TestPlatform.CommunicationUtilities.TestRequestSender., took 0 ms.
TpTrace Verbose: 0 : 36448, 12, 2024/06/18, 12:18:00.564, 3552284693314, vstest.console.dll, SocketServer.OnClientConnected: Client connected for endPoint: 127.0.0.1:52723, starting MessageLoopAsync:
TpTrace Verbose: 0 : 36448, 12, 2024/06/18, 12:18:00.565, 3552284708821, vstest.console.dll, TcpClientExtensions.MessageLoopAsync: Polling on remoteEndPoint: 127.0.0.1:52724 localEndPoint: 127.0.0.1:52723 after 0 ms
TpTrace Verbose: 0 : 36448, 5, 2024/06/18, 12:18:00.566, 3552284717498, vstest.console.dll, TestRequestSender.CheckVersionWithTestHost: Sending check version message: {"MessageType":"ProtocolVersion","Payload":7}
TpTrace Verbose: 0 : 36448, 12, 2024/06/18, 12:18:00.912, 3552288179191, vstest.console.dll, TcpClientExtensions.MessageLoopAsync: NotifyDataAvailable remoteEndPoint: 127.0.0.1:52724 localEndPoint: 127.0.0.1:52723
TpTrace Verbose: 0 : 36448, 12, 2024/06/18, 12:18:00.913, 3552288184328, vstest.console.dll, TestRequestSender.CheckVersionWithTestHost: onMessageReceived received message: (ProtocolVersion) -> {"MessageType":"ProtocolVersion","Payload":7}
TpTrace Verbose: 0 : 36448, 12, 2024/06/18, 12:18:00.914, 3552288199961, vstest.console.dll, MulticastDelegateUtilities.SafeInvoke: LengthPrefixCommunicationChannel: MessageReceived: Invoking callback 1/1 for Microsoft.VisualStudio.TestPlatform.CommunicationUtilities.TestRequestSender+<>c__DisplayClass29_0., took 1 ms.
TpTrace Verbose: 0 : 36448, 5, 2024/06/18, 12:18:00.914, 3552288201783, vstest.console.dll, TestPluginCache.GetExtensionPaths: Filtered extension paths: 
TpTrace Verbose: 0 : 36448, 12, 2024/06/18, 12:18:00.914, 3552288201993, vstest.console.dll, TcpClientExtensions.MessageLoopAsync: Polling on remoteEndPoint: 127.0.0.1:52724 localEndPoint: 127.0.0.1:52723 after 348 ms
TpTrace Verbose: 0 : 36448, 5, 2024/06/18, 12:18:00.915, 3552288203250, vstest.console.dll, TestPluginCache.GetExtensionPaths: Added default extension paths: C:\Program Files\dotnet\sdk\8.0.300\Extensions\Microsoft.Diagnostics.NETCore.Client.dll
C:\Program Files\dotnet\sdk\8.0.300\Extensions\Microsoft.TestPlatform.Extensions.BlameDataCollector.dll
C:\Program Files\dotnet\sdk\8.0.300\Extensions\Microsoft.TestPlatform.Extensions.EventLogCollector.dll
C:\Program Files\dotnet\sdk\8.0.300\Extensions\Microsoft.TestPlatform.TestHostRuntimeProvider.dll
C:\Program Files\dotnet\sdk\8.0.300\Extensions\Microsoft.VisualStudio.TestPlatform.Extensions.Html.TestLogger.dll
C:\Program Files\dotnet\sdk\8.0.300\Extensions\Microsoft.VisualStudio.TestPlatform.Extensions.Trx.TestLogger.dll
TpTrace Verbose: 0 : 36448, 5, 2024/06/18, 12:18:00.915, 3552288204814, vstest.console.dll, TestPluginCache.GetExtensionPaths: Added unfilterableExtensionPaths: 
TpTrace Verbose: 0 : 36448, 5, 2024/06/18, 12:18:00.923, 3552288290461, vstest.console.dll, TestRequestSender.InitializeExecution: Sending initialize execution with message: {"Version":7,"MessageType":"TestExecution.Initialize","Payload":["C:\\Minor Project\\MatrimonialUnitTest\\bin\\Debug\\net6.0\\fine-code-coverage\\build-output\\NUnit3.TestAdapter.dll"]}
TpTrace Verbose: 0 : 36448, 5, 2024/06/18, 12:18:00.924, 3552288295163, vstest.console.dll, ParallelProxyExecutionManager.StartTestRunOnConcurrentManager: Execution starting. Started clients: 1
TpTrace Verbose: 0 : 36448, 5, 2024/06/18, 12:18:00.929, 3552288348389, vstest.console.dll, TestRunRequest:SendTestRunMessage: Starting.
TpTrace Verbose: 0 : 36448, 5, 2024/06/18, 12:18:00.930, 3552288355108, vstest.console.dll, MulticastDelegateUtilities.SafeInvoke: TestRun.LogMessages: Invoking callback 1/1 for Microsoft.VisualStudio.TestPlatform.CommandLine.TestRunResultAggregator., took 0 ms.
TpTrace Information: 0 : 36448, 5, 2024/06/18, 12:18:00.930, 3552288356107, vstest.console.dll, TestRunRequest:SendTestRunMessage: Completed.
TpTrace Verbose: 0 : 36448, 4, 2024/06/18, 12:18:00.931, 3552288367149, vstest.console.dll, MulticastDelegateUtilities.SafeInvoke: InternalTestLoggerEvents.SendTestRunMessage: Invoking callback 1/1 for Microsoft.VisualStudio.TestPlatform.CommandLine.Internal.ConsoleLogger., took 0 ms.
TpTrace Warning: 0 : 36448, 5, 2024/06/18, 12:18:00.931, 3552288370703, vstest.console.dll, InferRunSettingsHelper.MakeRunsettingsCompatible: Removing the following settings: TargetPlatform from RunSettings file. To use those settings please move to latest version of Microsoft.NET.Test.Sdk
TpTrace Verbose: 0 : 36448, 12, 2024/06/18, 12:18:00.941, 3552288469659, vstest.console.dll, TcpClientExtensions.MessageLoopAsync: NotifyDataAvailable remoteEndPoint: 127.0.0.1:52724 localEndPoint: 127.0.0.1:52723
TpTrace Verbose: 0 : 36448, 12, 2024/06/18, 12:18:00.942, 3552288479875, vstest.console.dll, TestRequestSender.OnExecutionMessageReceived: Received message: {"Version":7,"MessageType":"TestSession.Message","Payload":{"MessageLevel":0,"Message":"Logging TestHost Diagnostics in file: C:\\Minor Project\\MatrimonialUnitTest\\bin\\Debug\\net6.0\\fine-code-coverage\\coverage-tool-output\\diagnostics.host.24-06-18_12-17-59_87357_5.log"}}
TpTrace Verbose: 0 : 36448, 12, 2024/06/18, 12:18:00.948, 3552288534643, vstest.console.dll, TestRunRequest:SendTestRunMessage: Starting.
TpTrace Verbose: 0 : 36448, 12, 2024/06/18, 12:18:00.948, 3552288537637, vstest.console.dll, MulticastDelegateUtilities.SafeInvoke: TestRun.LogMessages: Invoking callback 1/1 for Microsoft.VisualStudio.TestPlatform.CommandLine.TestRunResultAggregator., took 0 ms.
TpTrace Verbose: 0 : 36448, 4, 2024/06/18, 12:18:00.948, 3552288537976, vstest.console.dll, MulticastDelegateUtilities.SafeInvoke: InternalTestLoggerEvents.SendTestRunMessage: Invoking callback 1/1 for Microsoft.VisualStudio.TestPlatform.CommandLine.Internal.ConsoleLogger., took 0 ms.
TpTrace Information: 0 : 36448, 12, 2024/06/18, 12:18:00.948, 3552288538668, vstest.console.dll, TestRunRequest:SendTestRunMessage: Completed.
TpTrace Verbose: 0 : 36448, 12, 2024/06/18, 12:18:00.948, 3552288540918, vstest.console.dll, MulticastDelegateUtilities.SafeInvoke: LengthPrefixCommunicationChannel: MessageReceived: Invoking callback 1/1 for Microsoft.VisualStudio.TestPlatform.CommunicationUtilities.TestRequestSender+<>c__DisplayClass34_0., took 6 ms.
TpTrace Verbose: 0 : 36448, 12, 2024/06/18, 12:18:00.948, 3552288541646, vstest.console.dll, TcpClientExtensions.MessageLoopAsync: Polling on remoteEndPoint: 127.0.0.1:52724 localEndPoint: 127.0.0.1:52723 after 33 ms
TpTrace Verbose: 0 : 36448, 5, 2024/06/18, 12:18:00.965, 3552288705674, vstest.console.dll, TestRequestSender.StartTestRun: Sending test run with message: {"Version":7,"MessageType":"TestExecution.StartWithSources","Payload":{"AdapterSourceMap":{"_none_":["C:\\Minor Project\\MatrimonialUnitTest\\bin\\Debug\\net6.0\\fine-code-coverage\\build-output\\MatrimonialUnitTest.dll"]},"RunSettings":"<RunSettings>\r\n  <RunConfiguration>\r\n    <ResultsDirectory>C:\\Minor Project\\MatrimonialUnitTest\\bin\\Debug\\net6.0\\fine-code-coverage\\coverage-tool-output</ResultsDirectory>\r\n    <TargetFrameworkVersion>.NETCoreApp,Version=v6.0</TargetFrameworkVersion>\r\n    <DesignMode>False</DesignMode>\r\n    <CollectSourceInformation>False</CollectSourceInformation>\r\n  </RunConfiguration>\r\n  <LoggerRunSettings>\r\n    <Loggers>\r\n      <Logger friendlyName=\"blame\" enabled=\"True\" />\r\n      <Logger friendlyName=\"Console\" uri=\"logger://microsoft/TestPlatform/ConsoleLogger/v1\" assemblyQualifiedName=\"Microsoft.VisualStudio.TestPlatform.CommandLine.Internal.ConsoleLogger, vstest.console, Version=15.0.0.0, Culture=neutral, PublicKeyToken=b03f5f7f11d50a3a\" codeBase=\"C:\\Program Files\\dotnet\\sdk\\8.0.300\\vstest.console.dll\" enabled=\"True\" />\r\n    </Loggers>\r\n  </LoggerRunSettings>\r\n  <DataCollectionRunSettings>\r\n    <DataCollectors>\r\n      <DataCollector friendlyName=\"blame\" enabled=\"True\">\r\n        <Configuration>\r\n          <ResultsDirectory>C:\\Minor Project\\MatrimonialUnitTest\\bin\\Debug\\net6.0\\fine-code-coverage\\coverage-tool-output</ResultsDirectory>\r\n        </Configuration>\r\n      </DataCollector>\r\n    </DataCollectors>\r\n  </DataCollectionRunSettings>\r\n</RunSettings>","TestExecutionContext":{"FrequencyOfRunStatsChangeEvent":10,"RunStatsChangeEventTimeout":"00:00:01.5000000","InIsolation":false,"KeepAlive":false,"AreTestCaseLevelEventsRequired":false,"IsDebug":false,"TestCaseFilter":null,"FilterOptions":null},"Package":null}}
TpTrace Verbose: 0 : 36448, 5, 2024/06/18, 12:18:00.966, 3552288716079, vstest.console.dll, ParallelProxyExecutionManager.StartTestRunOnConcurrentManager: Execution started. Started clients: 1
TpTrace Verbose: 0 : 36448, 12, 2024/06/18, 12:18:01.563, 3552294687536, vstest.console.dll, TcpClientExtensions.MessageLoopAsync: NotifyDataAvailable remoteEndPoint: 127.0.0.1:52724 localEndPoint: 127.0.0.1:52723
TpTrace Verbose: 0 : 36448, 12, 2024/06/18, 12:18:01.563, 3552294690912, vstest.console.dll, TestRequestSender.OnExecutionMessageReceived: Received message: {"Version":7,"MessageType":"TestSession.Message","Payload":{"MessageLevel":0,"Message":"NUnit Adapter 4.4.0.0: Test execution started"}}
TpTrace Verbose: 0 : 36448, 12, 2024/06/18, 12:18:01.564, 3552294696507, vstest.console.dll, TestRunRequest:SendTestRunMessage: Starting.
TpTrace Verbose: 0 : 36448, 12, 2024/06/18, 12:18:01.564, 3552294698598, vstest.console.dll, MulticastDelegateUtilities.SafeInvoke: TestRun.LogMessages: Invoking callback 1/1 for Microsoft.VisualStudio.TestPlatform.CommandLine.TestRunResultAggregator., took 0 ms.
TpTrace Verbose: 0 : 36448, 4, 2024/06/18, 12:18:01.564, 3552294699158, vstest.console.dll, MulticastDelegateUtilities.SafeInvoke: InternalTestLoggerEvents.SendTestRunMessage: Invoking callback 1/1 for Microsoft.VisualStudio.TestPlatform.CommandLine.Internal.ConsoleLogger., took 0 ms.
TpTrace Information: 0 : 36448, 12, 2024/06/18, 12:18:01.564, 3552294699317, vstest.console.dll, TestRunRequest:SendTestRunMessage: Completed.
TpTrace Verbose: 0 : 36448, 12, 2024/06/18, 12:18:01.564, 3552294701681, vstest.console.dll, MulticastDelegateUtilities.SafeInvoke: LengthPrefixCommunicationChannel: MessageReceived: Invoking callback 1/1 for Microsoft.VisualStudio.TestPlatform.CommunicationUtilities.TestRequestSender+<>c__DisplayClass34_0., took 1 ms.
TpTrace Verbose: 0 : 36448, 12, 2024/06/18, 12:18:01.564, 3552294702377, vstest.console.dll, TcpClientExtensions.MessageLoopAsync: Polling on remoteEndPoint: 127.0.0.1:52724 localEndPoint: 127.0.0.1:52723 after 616 ms
TpTrace Verbose: 0 : 36448, 12, 2024/06/18, 12:18:01.631, 3552295366797, vstest.console.dll, TcpClientExtensions.MessageLoopAsync: NotifyDataAvailable remoteEndPoint: 127.0.0.1:52724 localEndPoint: 127.0.0.1:52723
TpTrace Verbose: 0 : 36448, 12, 2024/06/18, 12:18:01.632, 3552295372698, vstest.console.dll, TestRequestSender.OnExecutionMessageReceived: Received message: {"Version":7,"MessageType":"TestSession.Message","Payload":{"MessageLevel":0,"Message":"Running all tests in C:\\Minor Project\\MatrimonialUnitTest\\bin\\Debug\\net6.0\\fine-code-coverage\\build-output\\MatrimonialUnitTest.dll"}}
TpTrace Verbose: 0 : 36448, 12, 2024/06/18, 12:18:01.632, 3552295376816, vstest.console.dll, TestRunRequest:SendTestRunMessage: Starting.
TpTrace Verbose: 0 : 36448, 12, 2024/06/18, 12:18:01.632, 3552295378729, vstest.console.dll, MulticastDelegateUtilities.SafeInvoke: TestRun.LogMessages: Invoking callback 1/1 for Microsoft.VisualStudio.TestPlatform.CommandLine.TestRunResultAggregator., took 0 ms.
TpTrace Verbose: 0 : 36448, 4, 2024/06/18, 12:18:01.632, 3552295379130, vstest.console.dll, MulticastDelegateUtilities.SafeInvoke: InternalTestLoggerEvents.SendTestRunMessage: Invoking callback 1/1 for Microsoft.VisualStudio.TestPlatform.CommandLine.Internal.ConsoleLogger., took 0 ms.
TpTrace Information: 0 : 36448, 12, 2024/06/18, 12:18:01.632, 3552295379365, vstest.console.dll, TestRunRequest:SendTestRunMessage: Completed.
TpTrace Verbose: 0 : 36448, 12, 2024/06/18, 12:18:01.632, 3552295381605, vstest.console.dll, MulticastDelegateUtilities.SafeInvoke: LengthPrefixCommunicationChannel: MessageReceived: Invoking callback 1/1 for Microsoft.VisualStudio.TestPlatform.CommunicationUtilities.TestRequestSender+<>c__DisplayClass34_0., took 0 ms.
TpTrace Verbose: 0 : 36448, 12, 2024/06/18, 12:18:01.633, 3552295382545, vstest.console.dll, TcpClientExtensions.MessageLoopAsync: Polling on remoteEndPoint: 127.0.0.1:52724 localEndPoint: 127.0.0.1:52723 after 67 ms
TpTrace Verbose: 0 : 36448, 12, 2024/06/18, 12:18:01.914, 3552298193348, vstest.console.dll, TcpClientExtensions.MessageLoopAsync: NotifyDataAvailable remoteEndPoint: 127.0.0.1:52724 localEndPoint: 127.0.0.1:52723
TpTrace Verbose: 0 : 36448, 12, 2024/06/18, 12:18:01.914, 3552298197066, vstest.console.dll, TestRequestSender.OnExecutionMessageReceived: Received message: {"Version":7,"MessageType":"TestSession.Message","Payload":{"MessageLevel":0,"Message":"   NUnit3TestExecutor discovered 37 of 37 NUnit test cases using Current Discovery mode, Non-Explicit run"}}
TpTrace Verbose: 0 : 36448, 12, 2024/06/18, 12:18:01.914, 3552298199747, vstest.console.dll, TestRunRequest:SendTestRunMessage: Starting.
TpTrace Verbose: 0 : 36448, 12, 2024/06/18, 12:18:01.914, 3552298201198, vstest.console.dll, MulticastDelegateUtilities.SafeInvoke: TestRun.LogMessages: Invoking callback 1/1 for Microsoft.VisualStudio.TestPlatform.CommandLine.TestRunResultAggregator., took 0 ms.
TpTrace Verbose: 0 : 36448, 4, 2024/06/18, 12:18:01.914, 3552298201743, vstest.console.dll, MulticastDelegateUtilities.SafeInvoke: InternalTestLoggerEvents.SendTestRunMessage: Invoking callback 1/1 for Microsoft.VisualStudio.TestPlatform.CommandLine.Internal.ConsoleLogger., took 0 ms.
TpTrace Information: 0 : 36448, 12, 2024/06/18, 12:18:01.914, 3552298201962, vstest.console.dll, TestRunRequest:SendTestRunMessage: Completed.
TpTrace Verbose: 0 : 36448, 12, 2024/06/18, 12:18:01.915, 3552298203823, vstest.console.dll, MulticastDelegateUtilities.SafeInvoke: LengthPrefixCommunicationChannel: MessageReceived: Invoking callback 1/1 for Microsoft.VisualStudio.TestPlatform.CommunicationUtilities.TestRequestSender+<>c__DisplayClass34_0., took 0 ms.
TpTrace Verbose: 0 : 36448, 12, 2024/06/18, 12:18:01.915, 3552298204549, vstest.console.dll, TcpClientExtensions.MessageLoopAsync: Polling on remoteEndPoint: 127.0.0.1:52724 localEndPoint: 127.0.0.1:52723 after 282 ms
TpTrace Verbose: 0 : 36448, 12, 2024/06/18, 12:18:02.864, 3552307695884, vstest.console.dll, TcpClientExtensions.MessageLoopAsync: NotifyDataAvailable remoteEndPoint: 127.0.0.1:52724 localEndPoint: 127.0.0.1:52723
TpTrace Verbose: 0 : 36448, 12, 2024/06/18, 12:18:02.864, 3552307699509, vstest.console.dll, TestRequestSender.OnExecutionMessageReceived: Received message: {"Version":7,"MessageType":"TestExecution.StatsChange","Payload":{"NewTestResults":[],"TestRunStatistics":{"ExecutedTests":0,"Stats":{}},"ActiveTests":[{"Id":"d8949f82-d1ce-8476-8b0d-9dd6d8013422","FullyQualifiedName":"MatrimonialUnitTest.AdminServiceTests.DeleteProfileAsync_ShouldRemoveProfile_WhenProfileExists","DisplayName":"DeleteProfileAsync_ShouldRemoveProfile_WhenProfileExists","ExecutorUri":"executor://NUnit3TestExecutor","Source":"C:\\Minor Project\\MatrimonialUnitTest\\bin\\Debug\\net6.0\\fine-code-coverage\\build-output\\MatrimonialUnitTest.dll","CodeFilePath":null,"LineNumber":0,"Properties":[{"Key":{"Id":"NUnit.Seed","Label":"Seed","Category":"","Description":"","Attributes":0,"ValueType":"System.String"},"Value":"398497709"}]}]}}
TpTrace Verbose: 0 : 36448, 12, 2024/06/18, 12:18:02.903, 3552308086695, vstest.console.dll, TestRunRequest:SendTestRunStatsChange: Starting.
TpTrace Verbose: 0 : 36448, 12, 2024/06/18, 12:18:02.903, 3552308089960, vstest.console.dll, InProgress is DeleteProfileAsync_ShouldRemoveProfile_WhenProfileExists
TpTrace Verbose: 0 : 36448, 12, 2024/06/18, 12:18:02.903, 3552308092256, vstest.console.dll, MulticastDelegateUtilities.SafeInvoke: TestRun.RunStatsChanged: Invoking callbacks was skipped because there are no subscribers.
TpTrace Information: 0 : 36448, 12, 2024/06/18, 12:18:02.904, 3552308093018, vstest.console.dll, TestRunRequest:SendTestRunStatsChange: Completed.
TpTrace Verbose: 0 : 36448, 12, 2024/06/18, 12:18:02.904, 3552308093745, vstest.console.dll, MulticastDelegateUtilities.SafeInvoke: LengthPrefixCommunicationChannel: MessageReceived: Invoking callback 1/1 for Microsoft.VisualStudio.TestPlatform.CommunicationUtilities.TestRequestSender+<>c__DisplayClass34_0., took 39 ms.
TpTrace Verbose: 0 : 36448, 12, 2024/06/18, 12:18:02.904, 3552308094491, vstest.console.dll, TcpClientExtensions.MessageLoopAsync: Polling on remoteEndPoint: 127.0.0.1:52724 localEndPoint: 127.0.0.1:52723 after 988 ms
TpTrace Verbose: 0 : 36448, 12, 2024/06/18, 12:18:03.903, 3552318091481, vstest.console.dll, TcpClientExtensions.MessageLoopAsync: Polling on remoteEndPoint: 127.0.0.1:52724 localEndPoint: 127.0.0.1:52723 after 999 ms
TpTrace Verbose: 0 : 36448, 12, 2024/06/18, 12:18:04.214, 3552321199573, vstest.console.dll, TcpClientExtensions.MessageLoopAsync: NotifyDataAvailable remoteEndPoint: 127.0.0.1:52724 localEndPoint: 127.0.0.1:52723
TpTrace Verbose: 0 : 36448, 12, 2024/06/18, 12:18:04.215, 3552321204813, vstest.console.dll, TestRequestSender.OnExecutionMessageReceived: Received message: {"Version":7,"MessageType":"TestExecution.StatsChange","Payload":{"NewTestResults":[{"TestCase":{"Id":"d8949f82-d1ce-8476-8b0d-9dd6d8013422","FullyQualifiedName":"MatrimonialUnitTest.AdminServiceTests.DeleteProfileAsync_ShouldRemoveProfile_WhenProfileExists","DisplayName":"DeleteProfileAsync_ShouldRemoveProfile_WhenProfileExists","ExecutorUri":"executor://NUnit3TestExecutor","Source":"C:\\Minor Project\\MatrimonialUnitTest\\bin\\Debug\\net6.0\\fine-code-coverage\\build-output\\MatrimonialUnitTest.dll","CodeFilePath":null,"LineNumber":0,"Properties":[{"Key":{"Id":"NUnit.Seed","Label":"Seed","Category":"","Description":"","Attributes":0,"ValueType":"System.String"},"Value":"398497709"}]},"Attachments":[],"Outcome":1,"ErrorMessage":null,"ErrorStackTrace":null,"DisplayName":"DeleteProfileAsync_ShouldRemoveProfile_WhenProfileExists","Messages":[],"ComputerName":"1D66JX3","Duration":"00:00:02.0273550","StartTime":"2024-06-18T06:48:01.9756902+00:00","EndTime":"2024-06-18T06:48:04.0029611+00:00","Properties":[{"Key":{"Id":"NUnit.Seed","Label":"Seed","Category":"","Description":"","Attributes":0,"ValueType":"System.String"},"Value":"398497709"}]},{"TestCase":{"Id":"b9c7d08b-d329-6539-37b4-ebbaf1aefad4","FullyQualifiedName":"MatrimonialUnitTest.AdminServiceTests.DeleteSubscriptionAsync_ShouldRemoveSubscription_WhenSubscriptionExists","DisplayName":"DeleteSubscriptionAsync_ShouldRemoveSubscription_WhenSubscriptionExists","ExecutorUri":"executor://NUnit3TestExecutor","Source":"C:\\Minor Project\\MatrimonialUnitTest\\bin\\Debug\\net6.0\\fine-code-coverage\\build-output\\MatrimonialUnitTest.dll","CodeFilePath":null,"LineNumber":0,"Properties":[{"Key":{"Id":"NUnit.Seed","Label":"Seed","Category":"","Description":"","Attributes":0,"ValueType":"System.String"},"Value":"467917095"}]},"Attachments":[],"Outcome":1,"ErrorMessage":null,"ErrorStackTrace":null,"DisplayName":"DeleteSubscriptionAsync_ShouldRemoveSubscription_WhenSubscriptionExists","Messages":[],"ComputerName":"1D66JX3","Duration":"00:00:00.0751670","StartTime":"2024-06-18T06:48:04.0050259+00:00","EndTime":"2024-06-18T06:48:04.0801925+00:00","Properties":[{"Key":{"Id":"NUnit.Seed","Label":"Seed","Category":"","Description":"","Attributes":0,"ValueType":"System.String"},"Value":"467917095"}]},{"TestCase":{"Id":"39ebc489-b6e3-2b16-fd9d-341bb415a1f9","FullyQualifiedName":"MatrimonialUnitTest.AdminServiceTests.DeleteUserAsync_ShouldRemoveUser_WhenUserExists","DisplayName":"DeleteUserAsync_ShouldRemoveUser_WhenUserExists","ExecutorUri":"executor://NUnit3TestExecutor","Source":"C:\\Minor Project\\MatrimonialUnitTest\\bin\\Debug\\net6.0\\fine-code-coverage\\build-output\\MatrimonialUnitTest.dll","CodeFilePath":null,"LineNumber":0,"Properties":[{"Key":{"Id":"NUnit.Seed","Label":"Seed","Category":"","Description":"","Attributes":0,"ValueType":"System.String"},"Value":"1122853671"}]},"Attachments":[],"Outcome":1,"ErrorMessage":null,"ErrorStackTrace":null,"DisplayName":"DeleteUserAsync_ShouldRemoveUser_WhenUserExists","Messages":[],"ComputerName":"1D66JX3","Duration":"00:00:00.0626470","StartTime":"2024-06-18T06:48:04.0802447+00:00","EndTime":"2024-06-18T06:48:04.1428911+00:00","Properties":[{"Key":{"Id":"NUnit.Seed","Label":"Seed","Category":"","Description":"","Attributes":0,"ValueType":"System.String"},"Value":"1122853671"}]},{"TestCase":{"Id":"ede01303-3faf-af8f-61c4-0479d6272725","FullyQualifiedName":"MatrimonialUnitTest.AdminServiceTests.GetAllProfilesAsync_ShouldReturnAllProfiles","DisplayName":"GetAllProfilesAsync_ShouldReturnAllProfiles","ExecutorUri":"executor://NUnit3TestExecutor","Source":"C:\\Minor Project\\MatrimonialUnitTest\\bin\\Debug\\net6.0\\fine-code-coverage\\build-output\\MatrimonialUnitTest.dll","CodeFilePath":null,"LineNumber":0,"Properties":[{"Key":{"Id":"NUnit.Seed","Label":"Seed","Category":"","Description":"","Attributes":0,"ValueType":"System.String"},"Value":"493427931"}]},"Attachments":[],"Outcome":1,"ErrorMessage":null,"ErrorStackTrace":null,"DisplayName":"GetAllProfilesAsync_ShouldReturnAllProfiles","Messages":[],"ComputerName":"1D66JX3","Duration":"00:00:00.0236420","StartTime":"2024-06-18T06:48:04.1429467+00:00","EndTime":"2024-06-18T06:48:04.1665879+00:00","Properties":[{"Key":{"Id":"NUnit.Seed","Label":"Seed","Category":"","Description":"","Attributes":0,"ValueType":"System.String"},"Value":"493427931"}]},{"TestCase":{"Id":"b6c7dea9-5d44-920f-3d7d-b87dbeb7015d","FullyQualifiedName":"MatrimonialUnitTest.AdminServiceTests.GetAllSubscriptionsAsync_ShouldReturnAllSubscriptions","DisplayName":"GetAllSubscriptionsAsync_ShouldReturnAllSubscriptions","ExecutorUri":"executor://NUnit3TestExecutor","Source":"C:\\Minor Project\\MatrimonialUnitTest\\bin\\Debug\\net6.0\\fine-code-coverage\\build-output\\MatrimonialUnitTest.dll","CodeFilePath":null,"LineNumber":0,"Properties":[{"Key":{"Id":"NUnit.Seed","Label":"Seed","Category":"","Description":"","Attributes":0,"ValueType":"System.String"},"Value":"914840153"}]},"Attachments":[],"Outcome":1,"ErrorMessage":null,"ErrorStackTrace":null,"DisplayName":"GetAllSubscriptionsAsync_ShouldReturnAllSubscriptions","Messages":[],"ComputerName":"1D66JX3","Duration":"00:00:00.0063950","StartTime":"2024-06-18T06:48:04.1666266+00:00","EndTime":"2024-06-18T06:48:04.1730214+00:00","Properties":[{"Key":{"Id":"NUnit.Seed","Label":"Seed","Category":"","Description":"","Attributes":0,"ValueType":"System.String"},"Value":"914840153"}]},{"TestCase":{"Id":"0b438623-5a14-3bd8-112f-4566bbcbc610","FullyQualifiedName":"MatrimonialUnitTest.AdminServiceTests.GetAllUsersAsync_ShouldReturnAllUsers","DisplayName":"GetAllUsersAsync_ShouldReturnAllUsers","ExecutorUri":"executor://NUnit3TestExecutor","Source":"C:\\Minor Project\\MatrimonialUnitTest\\bin\\Debug\\net6.0\\fine-code-coverage\\build-output\\MatrimonialUnitTest.dll","CodeFilePath":null,"LineNumber":0,"Properties":[{"Key":{"Id":"NUnit.Seed","Label":"Seed","Category":"","Description":"","Attributes":0,"ValueType":"System.String"},"Value":"668887703"}]},"Attachments":[],"Outcome":1,"ErrorMessage":null,"ErrorStackTrace":null,"DisplayName":"GetAllUsersAsync_ShouldReturnAllUsers","Messages":[],"ComputerName":"1D66JX3","Duration":"00:00:00.0090709","StartTime":"2024-06-18T06:48:04.173055+00:00","EndTime":"2024-06-18T06:48:04.1821252+00:00","Properties":[{"Key":{"Id":"NUnit.Seed","Label":"Seed","Category":"","Description":"","Attributes":0,"ValueType":"System.String"},"Value":"668887703"}]},{"TestCase":{"Id":"973ab0bf-f40f-e4ed-de25-369f5189797f","FullyQualifiedName":"MatrimonialUnitTest.AdminServiceTests.GetProfileByIdAsync_ShouldReturnNull_WhenProfileDoesNotExist","DisplayName":"GetProfileByIdAsync_ShouldReturnNull_WhenProfileDoesNotExist","ExecutorUri":"executor://NUnit3TestExecutor","Source":"C:\\Minor Project\\MatrimonialUnitTest\\bin\\Debug\\net6.0\\fine-code-coverage\\build-output\\MatrimonialUnitTest.dll","CodeFilePath":null,"LineNumber":0,"Properties":[{"Key":{"Id":"NUnit.Seed","Label":"Seed","Category":"","Description":"","Attributes":0,"ValueType":"System.String"},"Value":"526705915"}]},"Attachments":[],"Outcome":1,"ErrorMessage":null,"ErrorStackTrace":null,"DisplayName":"GetProfileByIdAsync_ShouldReturnNull_WhenProfileDoesNotExist","Messages":[],"ComputerName":"1D66JX3","Duration":"00:00:00.0043110","StartTime":"2024-06-18T06:48:04.1821701+00:00","EndTime":"2024-06-18T06:48:04.1864803+00:00","Properties":[{"Key":{"Id":"NUnit.Seed","Label":"Seed","Category":"","Description":"","Attributes":0,"ValueType":"System.String"},"Value":"526705915"}]},{"TestCase":{"Id":"fe479da0-ec6f-0a2e-ac3d-ad75fb5df2e1","FullyQualifiedName":"MatrimonialUnitTest.AdminServiceTests.GetProfileByIdAsync_ShouldReturnProfile_WhenProfileExists","DisplayName":"GetProfileByIdAsync_ShouldReturnProfile_WhenProfileExists","ExecutorUri":"executor://NUnit3TestExecutor","Source":"C:\\Minor Project\\MatrimonialUnitTest\\bin\\Debug\\net6.0\\fine-code-coverage\\build-output\\MatrimonialUnitTest.dll","CodeFilePath":null,"LineNumber":0,"Properties":[{"Key":{"Id":"NUnit.Seed","Label":"Seed","Category":"","Description":"","Attributes":0,"ValueType":"System.String"},"Value":"43648710"}]},"Attachments":[],"Outcome":1,"ErrorMessage":null,"ErrorStackTrace":null,"DisplayName":"GetProfileByIdAsync_ShouldReturnProfile_WhenProfileExists","Messages":[],"ComputerName":"1D66JX3","Duration":"00:00:00.0018440","StartTime":"2024-06-18T06:48:04.1865092+00:00","EndTime":"2024-06-18T06:48:04.1883527+00:00","Properties":[{"Key":{"Id":"NUnit.Seed","Label":"Seed","Category":"","Description":"","Attributes":0,"ValueType":"System.String"},"Value":"43648710"}]},{"TestCase":{"Id":"bcaabfa2-f3b3-4877-395d-ce974c834921","FullyQualifiedName":"MatrimonialUnitTest.AdminServiceTests.GetSubscriptionByIdAsync_ShouldReturnNull_WhenSubscriptionDoesNotExist","DisplayName":"GetSubscriptionByIdAsync_ShouldReturnNull_WhenSubscriptionDoesNotExist","ExecutorUri":"executor://NUnit3TestExecutor","Source":"C:\\Minor Project\\MatrimonialUnitTest\\bin\\Debug\\net6.0\\fine-code-coverage\\build-output\\MatrimonialUnitTest.dll","CodeFilePath":null,"LineNumber":0,"Properties":[{"Key":{"Id":"NUnit.Seed","Label":"Seed","Category":"","Description":"","Attributes":0,"ValueType":"System.String"},"Value":"1596158565"}]},"Attachments":[],"Outcome":1,"ErrorMessage":null,"ErrorStackTrace":null,"DisplayName":"GetSubscriptionByIdAsync_ShouldReturnNull_WhenSubscriptionDoesNotExist","Messages":[],"ComputerName":"1D66JX3","Duration":"00:00:00.0019640","StartTime":"2024-06-18T06:48:04.1883832+00:00","EndTime":"2024-06-18T06:48:04.1903469+00:00","Properties":[{"Key":{"Id":"NUnit.Seed","Label":"Seed","Category":"","Description":"","Attributes":0,"ValueType":"System.String"},"Value":"1596158565"}]}],"TestRunStatistics":{"ExecutedTests":9,"Stats":{"Passed":9}},"ActiveTests":[{"Id":"671e1ceb-971d-818f-5f60-8fcf2b8a5841","FullyQualifiedName":"MatrimonialUnitTest.AdminServiceTests.GetSubscriptionByIdAsync_ShouldReturnSubscription_WhenSubscriptionExists","DisplayName":"GetSubscriptionByIdAsync_ShouldReturnSubscription_WhenSubscriptionExists","ExecutorUri":"executor://NUnit3TestExecutor","Source":"C:\\Minor Project\\MatrimonialUnitTest\\bin\\Debug\\net6.0\\fine-code-coverage\\build-output\\MatrimonialUnitTest.dll","CodeFilePath":null,"LineNumber":0,"Properties":[{"Key":{"Id":"NUnit.Seed","Label":"Seed","Category":"","Description":"","Attributes":0,"ValueType":"System.String"},"Value":"1832325187"}]}]}}
TpTrace Verbose: 0 : 36448, 12, 2024/06/18, 12:18:04.226, 3552321321245, vstest.console.dll, TestRunRequest:SendTestRunStatsChange: Starting.
TpTrace Verbose: 0 : 36448, 12, 2024/06/18, 12:18:04.226, 3552321322317, vstest.console.dll, InProgress is GetSubscriptionByIdAsync_ShouldReturnSubscription_WhenSubscriptionExists
TpTrace Verbose: 0 : 36448, 12, 2024/06/18, 12:18:04.227, 3552321324876, vstest.console.dll, MulticastDelegateUtilities.SafeInvoke: TestRun.RunStatsChanged: Invoking callbacks was skipped because there are no subscribers.
TpTrace Information: 0 : 36448, 12, 2024/06/18, 12:18:04.227, 3552321325569, vstest.console.dll, TestRunRequest:SendTestRunStatsChange: Completed.
TpTrace Verbose: 0 : 36448, 12, 2024/06/18, 12:18:04.227, 3552321326415, vstest.console.dll, MulticastDelegateUtilities.SafeInvoke: LengthPrefixCommunicationChannel: MessageReceived: Invoking callback 1/1 for Microsoft.VisualStudio.TestPlatform.CommunicationUtilities.TestRequestSender+<>c__DisplayClass34_0., took 12 ms.
TpTrace Verbose: 0 : 36448, 12, 2024/06/18, 12:18:04.227, 3552321327022, vstest.console.dll, TcpClientExtensions.MessageLoopAsync: Polling on remoteEndPoint: 127.0.0.1:52724 localEndPoint: 127.0.0.1:52723 after 323 ms
TpTrace Verbose: 0 : 36448, 4, 2024/06/18, 12:18:04.230, 3552321359548, vstest.console.dll, MulticastDelegateUtilities.SafeInvoke: InternalTestLoggerEvents.SendTestResult: Invoking callback 1/1 for Microsoft.VisualStudio.TestPlatform.CommandLine.Internal.ConsoleLogger., took 3 ms.
TpTrace Verbose: 0 : 36448, 4, 2024/06/18, 12:18:04.231, 3552321368823, vstest.console.dll, MulticastDelegateUtilities.SafeInvoke: InternalTestLoggerEvents.SendTestResult: Invoking callback 1/1 for Microsoft.VisualStudio.TestPlatform.CommandLine.Internal.ConsoleLogger., took 0 ms.
TpTrace Verbose: 0 : 36448, 4, 2024/06/18, 12:18:04.231, 3552321370451, vstest.console.dll, MulticastDelegateUtilities.SafeInvoke: InternalTestLoggerEvents.SendTestResult: Invoking callback 1/1 for Microsoft.VisualStudio.TestPlatform.CommandLine.Internal.ConsoleLogger., took 0 ms.
TpTrace Verbose: 0 : 36448, 4, 2024/06/18, 12:18:04.231, 3552321371166, vstest.console.dll, MulticastDelegateUtilities.SafeInvoke: InternalTestLoggerEvents.SendTestResult: Invoking callback 1/1 for Microsoft.VisualStudio.TestPlatform.CommandLine.Internal.ConsoleLogger., took 0 ms.
TpTrace Verbose: 0 : 36448, 4, 2024/06/18, 12:18:04.231, 3552321371782, vstest.console.dll, MulticastDelegateUtilities.SafeInvoke: InternalTestLoggerEvents.SendTestResult: Invoking callback 1/1 for Microsoft.VisualStudio.TestPlatform.CommandLine.Internal.ConsoleLogger., took 0 ms.
TpTrace Verbose: 0 : 36448, 4, 2024/06/18, 12:18:04.232, 3552321372542, vstest.console.dll, MulticastDelegateUtilities.SafeInvoke: InternalTestLoggerEvents.SendTestResult: Invoking callback 1/1 for Microsoft.VisualStudio.TestPlatform.CommandLine.Internal.ConsoleLogger., took 0 ms.
TpTrace Verbose: 0 : 36448, 4, 2024/06/18, 12:18:04.232, 3552321373094, vstest.console.dll, MulticastDelegateUtilities.SafeInvoke: InternalTestLoggerEvents.SendTestResult: Invoking callback 1/1 for Microsoft.VisualStudio.TestPlatform.CommandLine.Internal.ConsoleLogger., took 0 ms.
TpTrace Verbose: 0 : 36448, 4, 2024/06/18, 12:18:04.232, 3552321373622, vstest.console.dll, MulticastDelegateUtilities.SafeInvoke: InternalTestLoggerEvents.SendTestResult: Invoking callback 1/1 for Microsoft.VisualStudio.TestPlatform.CommandLine.Internal.ConsoleLogger., took 0 ms.
TpTrace Verbose: 0 : 36448, 4, 2024/06/18, 12:18:04.232, 3552321374193, vstest.console.dll, MulticastDelegateUtilities.SafeInvoke: InternalTestLoggerEvents.SendTestResult: Invoking callback 1/1 for Microsoft.VisualStudio.TestPlatform.CommandLine.Internal.ConsoleLogger., took 0 ms.
TpTrace Verbose: 0 : 36448, 12, 2024/06/18, 12:18:04.266, 3552321717844, vstest.console.dll, TcpClientExtensions.MessageLoopAsync: NotifyDataAvailable remoteEndPoint: 127.0.0.1:52724 localEndPoint: 127.0.0.1:52723
TpTrace Verbose: 0 : 36448, 12, 2024/06/18, 12:18:04.266, 3552321721909, vstest.console.dll, TestRequestSender.OnExecutionMessageReceived: Received message: {"Version":7,"MessageType":"TestExecution.StatsChange","Payload":{"NewTestResults":[{"TestCase":{"Id":"671e1ceb-971d-818f-5f60-8fcf2b8a5841","FullyQualifiedName":"MatrimonialUnitTest.AdminServiceTests.GetSubscriptionByIdAsync_ShouldReturnSubscription_WhenSubscriptionExists","DisplayName":"GetSubscriptionByIdAsync_ShouldReturnSubscription_WhenSubscriptionExists","ExecutorUri":"executor://NUnit3TestExecutor","Source":"C:\\Minor Project\\MatrimonialUnitTest\\bin\\Debug\\net6.0\\fine-code-coverage\\build-output\\MatrimonialUnitTest.dll","CodeFilePath":null,"LineNumber":0,"Properties":[{"Key":{"Id":"NUnit.Seed","Label":"Seed","Category":"","Description":"","Attributes":0,"ValueType":"System.String"},"Value":"1832325187"}]},"Attachments":[],"Outcome":1,"ErrorMessage":null,"ErrorStackTrace":null,"DisplayName":"GetSubscriptionByIdAsync_ShouldReturnSubscription_WhenSubscriptionExists","Messages":[],"ComputerName":"1D66JX3","Duration":"00:00:00.0052610","StartTime":"2024-06-18T06:48:04.1903728+00:00","EndTime":"2024-06-18T06:48:04.1956334+00:00","Properties":[{"Key":{"Id":"NUnit.Seed","Label":"Seed","Category":"","Description":"","Attributes":0,"ValueType":"System.String"},"Value":"1832325187"}]},{"TestCase":{"Id":"6efa8f2d-b29b-88bc-bd07-f2f1d924a95d","FullyQualifiedName":"MatrimonialUnitTest.AdminServiceTests.GetUserByIdAsync_ShouldReturnUser_WhenUserExists","DisplayName":"GetUserByIdAsync_ShouldReturnUser_WhenUserExists","ExecutorUri":"executor://NUnit3TestExecutor","Source":"C:\\Minor Project\\MatrimonialUnitTest\\bin\\Debug\\net6.0\\fine-code-coverage\\build-output\\MatrimonialUnitTest.dll","CodeFilePath":null,"LineNumber":0,"Properties":[{"Key":{"Id":"NUnit.Seed","Label":"Seed","Category":"","Description":"","Attributes":0,"ValueType":"System.String"},"Value":"2077936275"}]},"Attachments":[],"Outcome":1,"ErrorMessage":null,"ErrorStackTrace":null,"DisplayName":"GetUserByIdAsync_ShouldReturnUser_WhenUserExists","Messages":[],"ComputerName":"1D66JX3","Duration":"00:00:00.0026760","StartTime":"2024-06-18T06:48:04.1956684+00:00","EndTime":"2024-06-18T06:48:04.1983435+00:00","Properties":[{"Key":{"Id":"NUnit.Seed","Label":"Seed","Category":"","Description":"","Attributes":0,"ValueType":"System.String"},"Value":"2077936275"}]},{"TestCase":{"Id":"a6ba240b-dce1-38fe-cfa2-33d9c88fb15e","FullyQualifiedName":"MatrimonialUnitTest.AdminServiceTests.UpdateProfileAsync_ShouldUpdateProfile","DisplayName":"UpdateProfileAsync_ShouldUpdateProfile","ExecutorUri":"executor://NUnit3TestExecutor","Source":"C:\\Minor Project\\MatrimonialUnitTest\\bin\\Debug\\net6.0\\fine-code-coverage\\build-output\\MatrimonialUnitTest.dll","CodeFilePath":null,"LineNumber":0,"Properties":[{"Key":{"Id":"NUnit.Seed","Label":"Seed","Category":"","Description":"","Attributes":0,"ValueType":"System.String"},"Value":"2116577428"}]},"Attachments":[],"Outcome":1,"ErrorMessage":null,"ErrorStackTrace":null,"DisplayName":"UpdateProfileAsync_ShouldUpdateProfile","Messages":[],"ComputerName":"1D66JX3","Duration":"00:00:00.0052370","StartTime":"2024-06-18T06:48:04.1983765+00:00","EndTime":"2024-06-18T06:48:04.2036133+00:00","Properties":[{"Key":{"Id":"NUnit.Seed","Label":"Seed","Category":"","Description":"","Attributes":0,"ValueType":"System.String"},"Value":"2116577428"}]},{"TestCase":{"Id":"2382db77-2ea4-9281-fac8-f8b946d5dcd3","FullyQualifiedName":"MatrimonialUnitTest.AdminServiceTests.UpdateSubscriptionAsync_ShouldUpdateSubscription","DisplayName":"UpdateSubscriptionAsync_ShouldUpdateSubscription","ExecutorUri":"executor://NUnit3TestExecutor","Source":"C:\\Minor Project\\MatrimonialUnitTest\\bin\\Debug\\net6.0\\fine-code-coverage\\build-output\\MatrimonialUnitTest.dll","CodeFilePath":null,"LineNumber":0,"Properties":[{"Key":{"Id":"NUnit.Seed","Label":"Seed","Category":"","Description":"","Attributes":0,"ValueType":"System.String"},"Value":"365458437"}]},"Attachments":[],"Outcome":1,"ErrorMessage":null,"ErrorStackTrace":null,"DisplayName":"UpdateSubscriptionAsync_ShouldUpdateSubscription","Messages":[],"ComputerName":"1D66JX3","Duration":"00:00:00.0024780","StartTime":"2024-06-18T06:48:04.2036455+00:00","EndTime":"2024-06-18T06:48:04.2061234+00:00","Properties":[{"Key":{"Id":"NUnit.Seed","Label":"Seed","Category":"","Description":"","Attributes":0,"ValueType":"System.String"},"Value":"365458437"}]},{"TestCase":{"Id":"a3f952f2-e226-90fe-e307-e735d143187c","FullyQualifiedName":"MatrimonialUnitTest.MatchServiceTest.AddTheMatch_ShouldThrowException_WhenMatchInsertDTOIsNull","DisplayName":"AddTheMatch_ShouldThrowException_WhenMatchInsertDTOIsNull","ExecutorUri":"executor://NUnit3TestExecutor","Source":"C:\\Minor Project\\MatrimonialUnitTest\\bin\\Debug\\net6.0\\fine-code-coverage\\build-output\\MatrimonialUnitTest.dll","CodeFilePath":null,"LineNumber":0,"Properties":[{"Key":{"Id":"NUnit.Seed","Label":"Seed","Category":"","Description":"","Attributes":0,"ValueType":"System.String"},"Value":"777834678"}]},"Attachments":[],"Outcome":1,"ErrorMessage":null,"ErrorStackTrace":null,"DisplayName":"AddTheMatch_ShouldThrowException_WhenMatchInsertDTOIsNull","Messages":[],"ComputerName":"1D66JX3","Duration":"00:00:00.0111350","StartTime":"2024-06-18T06:48:04.2145703+00:00","EndTime":"2024-06-18T06:48:04.2257044+00:00","Properties":[{"Key":{"Id":"NUnit.Seed","Label":"Seed","Category":"","Description":"","Attributes":0,"ValueType":"System.String"},"Value":"777834678"}]},{"TestCase":{"Id":"72b27231-cb53-bfb8-99a9-047aa40b9b66","FullyQualifiedName":"MatrimonialUnitTest.MatchServiceTest.AddTheMatch_ShouldThrowException_WhenUserIDsAreInvalid","DisplayName":"AddTheMatch_ShouldThrowException_WhenUserIDsAreInvalid","ExecutorUri":"executor://NUnit3TestExecutor","Source":"C:\\Minor Project\\MatrimonialUnitTest\\bin\\Debug\\net6.0\\fine-code-coverage\\build-output\\MatrimonialUnitTest.dll","CodeFilePath":null,"LineNumber":0,"Properties":[{"Key":{"Id":"NUnit.Seed","Label":"Seed","Category":"","Description":"","Attributes":0,"ValueType":"System.String"},"Value":"57508572"}]},"Attachments":[],"Outcome":1,"ErrorMessage":null,"ErrorStackTrace":null,"DisplayName":"AddTheMatch_ShouldThrowException_WhenUserIDsAreInvalid","Messages":[],"ComputerName":"1D66JX3","Duration":"00:00:00.0011260","StartTime":"2024-06-18T06:48:04.2257445+00:00","EndTime":"2024-06-18T06:48:04.2268705+00:00","Properties":[{"Key":{"Id":"NUnit.Seed","Label":"Seed","Category":"","Description":"","Attributes":0,"ValueType":"System.String"},"Value":"57508572"}]},{"TestCase":{"Id":"86bbdd8a-9e21-ebf2-df3a-7f5e29d16b80","FullyQualifiedName":"MatrimonialUnitTest.MatchServiceTest.AddTheMatchTest","DisplayName":"AddTheMatchTest","ExecutorUri":"executor://NUnit3TestExecutor","Source":"C:\\Minor Project\\MatrimonialUnitTest\\bin\\Debug\\net6.0\\fine-code-coverage\\build-output\\MatrimonialUnitTest.dll","CodeFilePath":null,"LineNumber":0,"Properties":[{"Key":{"Id":"NUnit.Seed","Label":"Seed","Category":"","Description":"","Attributes":0,"ValueType":"System.String"},"Value":"1968090996"}]},"Attachments":[],"Outcome":1,"ErrorMessage":null,"ErrorStackTrace":null,"DisplayName":"AddTheMatchTest","Messages":[],"ComputerName":"1D66JX3","Duration":"00:00:00.0125880","StartTime":"2024-06-18T06:48:04.2268925+00:00","EndTime":"2024-06-18T06:48:04.23948+00:00","Properties":[{"Key":{"Id":"NUnit.Seed","Label":"Seed","Category":"","Description":"","Attributes":0,"ValueType":"System.String"},"Value":"1968090996"}]},{"TestCase":{"Id":"129b70a1-deb9-56e3-d779-a53caeca4122","FullyQualifiedName":"MatrimonialUnitTest.MatchServiceTest.GetAllTheMatchTest","DisplayName":"GetAllTheMatchTest","ExecutorUri":"executor://NUnit3TestExecutor","Source":"C:\\Minor Project\\MatrimonialUnitTest\\bin\\Debug\\net6.0\\fine-code-coverage\\build-output\\MatrimonialUnitTest.dll","CodeFilePath":null,"LineNumber":0,"Properties":[{"Key":{"Id":"NUnit.Seed","Label":"Seed","Category":"","Description":"","Attributes":0,"ValueType":"System.String"},"Value":"993653698"}]},"Attachments":[],"Outcome":1,"ErrorMessage":null,"ErrorStackTrace":null,"DisplayName":"GetAllTheMatchTest","Messages":[],"ComputerName":"1D66JX3","Duration":"00:00:00.0095440","StartTime":"2024-06-18T06:48:04.2395168+00:00","EndTime":"2024-06-18T06:48:04.2490604+00:00","Properties":[{"Key":{"Id":"NUnit.Seed","Label":"Seed","Category":"","Description":"","Attributes":0,"ValueType":"System.String"},"Value":"993653698"}]},{"TestCase":{"Id":"c346aeba-149a-3573-e372-48051e3a0d53","FullyQualifiedName":"MatrimonialUnitTest.MatchServiceTest.GetTheMatchbyuserIdTest","DisplayName":"GetTheMatchbyuserIdTest","ExecutorUri":"executor://NUnit3TestExecutor","Source":"C:\\Minor Project\\MatrimonialUnitTest\\bin\\Debug\\net6.0\\fine-code-coverage\\build-output\\MatrimonialUnitTest.dll","CodeFilePath":null,"LineNumber":0,"Properties":[{"Key":{"Id":"NUnit.Seed","Label":"Seed","Category":"","Description":"","Attributes":0,"ValueType":"System.String"},"Value":"803604817"}]},"Attachments":[],"Outcome":1,"ErrorMessage":null,"ErrorStackTrace":null,"DisplayName":"GetTheMatchbyuserIdTest","Messages":[],"ComputerName":"1D66JX3","Duration":"00:00:00.0114700","StartTime":"2024-06-18T06:48:04.2491268+00:00","EndTime":"2024-06-18T06:48:04.2605963+00:00","Properties":[{"Key":{"Id":"NUnit.Seed","Label":"Seed","Category":"","Description":"","Attributes":0,"ValueType":"System.String"},"Value":"803604817"}]}],"TestRunStatistics":{"ExecutedTests":18,"Stats":{"Passed":18}},"ActiveTests":[{"Id":"119c2e80-9efc-f058-fc7a-0efb2b780fec","FullyQualifiedName":"MatrimonialUnitTest.MatchServiceTest.RemoveTheMatchTest","DisplayName":"RemoveTheMatchTest","ExecutorUri":"executor://NUnit3TestExecutor","Source":"C:\\Minor Project\\MatrimonialUnitTest\\bin\\Debug\\net6.0\\fine-code-coverage\\build-output\\MatrimonialUnitTest.dll","CodeFilePath":null,"LineNumber":0,"Properties":[{"Key":{"Id":"NUnit.Seed","Label":"Seed","Category":"","Description":"","Attributes":0,"ValueType":"System.String"},"Value":"650761176"}]}]}}
TpTrace Verbose: 0 : 36448, 12, 2024/06/18, 12:18:04.269, 3552321744146, vstest.console.dll, TestRunRequest:SendTestRunStatsChange: Starting.
TpTrace Verbose: 0 : 36448, 12, 2024/06/18, 12:18:04.269, 3552321745207, vstest.console.dll, InProgress is RemoveTheMatchTest
TpTrace Verbose: 0 : 36448, 12, 2024/06/18, 12:18:04.269, 3552321746189, vstest.console.dll, MulticastDelegateUtilities.SafeInvoke: TestRun.RunStatsChanged: Invoking callbacks was skipped because there are no subscribers.
TpTrace Information: 0 : 36448, 12, 2024/06/18, 12:18:04.269, 3552321746511, vstest.console.dll, TestRunRequest:SendTestRunStatsChange: Completed.
TpTrace Verbose: 0 : 36448, 12, 2024/06/18, 12:18:04.269, 3552321746875, vstest.console.dll, MulticastDelegateUtilities.SafeInvoke: LengthPrefixCommunicationChannel: MessageReceived: Invoking callback 1/1 for Microsoft.VisualStudio.TestPlatform.CommunicationUtilities.TestRequestSender+<>c__DisplayClass34_0., took 2 ms.
TpTrace Verbose: 0 : 36448, 12, 2024/06/18, 12:18:04.269, 3552321747306, vstest.console.dll, TcpClientExtensions.MessageLoopAsync: Polling on remoteEndPoint: 127.0.0.1:52724 localEndPoint: 127.0.0.1:52723 after 41 ms
TpTrace Verbose: 0 : 36448, 4, 2024/06/18, 12:18:04.269, 3552321747022, vstest.console.dll, MulticastDelegateUtilities.SafeInvoke: InternalTestLoggerEvents.SendTestResult: Invoking callback 1/1 for Microsoft.VisualStudio.TestPlatform.CommandLine.Internal.ConsoleLogger., took 0 ms.
TpTrace Verbose: 0 : 36448, 4, 2024/06/18, 12:18:04.269, 3552321748564, vstest.console.dll, MulticastDelegateUtilities.SafeInvoke: InternalTestLoggerEvents.SendTestResult: Invoking callback 1/1 for Microsoft.VisualStudio.TestPlatform.CommandLine.Internal.ConsoleLogger., took 0 ms.
TpTrace Verbose: 0 : 36448, 4, 2024/06/18, 12:18:04.269, 3552321749307, vstest.console.dll, MulticastDelegateUtilities.SafeInvoke: InternalTestLoggerEvents.SendTestResult: Invoking callback 1/1 for Microsoft.VisualStudio.TestPlatform.CommandLine.Internal.ConsoleLogger., took 0 ms.
TpTrace Verbose: 0 : 36448, 4, 2024/06/18, 12:18:04.269, 3552321749929, vstest.console.dll, MulticastDelegateUtilities.SafeInvoke: InternalTestLoggerEvents.SendTestResult: Invoking callback 1/1 for Microsoft.VisualStudio.TestPlatform.CommandLine.Internal.ConsoleLogger., took 0 ms.
TpTrace Verbose: 0 : 36448, 4, 2024/06/18, 12:18:04.269, 3552321750512, vstest.console.dll, MulticastDelegateUtilities.SafeInvoke: InternalTestLoggerEvents.SendTestResult: Invoking callback 1/1 for Microsoft.VisualStudio.TestPlatform.CommandLine.Internal.ConsoleLogger., took 0 ms.
TpTrace Verbose: 0 : 36448, 4, 2024/06/18, 12:18:04.269, 3552321751057, vstest.console.dll, MulticastDelegateUtilities.SafeInvoke: InternalTestLoggerEvents.SendTestResult: Invoking callback 1/1 for Microsoft.VisualStudio.TestPlatform.CommandLine.Internal.ConsoleLogger., took 0 ms.
TpTrace Verbose: 0 : 36448, 4, 2024/06/18, 12:18:04.271, 3552321770065, vstest.console.dll, MulticastDelegateUtilities.SafeInvoke: InternalTestLoggerEvents.SendTestResult: Invoking callback 1/1 for Microsoft.VisualStudio.TestPlatform.CommandLine.Internal.ConsoleLogger., took 1 ms.
TpTrace Verbose: 0 : 36448, 4, 2024/06/18, 12:18:04.272, 3552321772988, vstest.console.dll, MulticastDelegateUtilities.SafeInvoke: InternalTestLoggerEvents.SendTestResult: Invoking callback 1/1 for Microsoft.VisualStudio.TestPlatform.CommandLine.Internal.ConsoleLogger., took 0 ms.
TpTrace Verbose: 0 : 36448, 4, 2024/06/18, 12:18:04.272, 3552321773997, vstest.console.dll, MulticastDelegateUtilities.SafeInvoke: InternalTestLoggerEvents.SendTestResult: Invoking callback 1/1 for Microsoft.VisualStudio.TestPlatform.CommandLine.Internal.ConsoleLogger., took 0 ms.
TpTrace Verbose: 0 : 36448, 12, 2024/06/18, 12:18:04.896, 3552328014993, vstest.console.dll, TcpClientExtensions.MessageLoopAsync: NotifyDataAvailable remoteEndPoint: 127.0.0.1:52724 localEndPoint: 127.0.0.1:52723
TpTrace Verbose: 0 : 36448, 12, 2024/06/18, 12:18:04.896, 3552328021879, vstest.console.dll, TestRequestSender.OnExecutionMessageReceived: Received message: {"Version":7,"MessageType":"TestExecution.StatsChange","Payload":{"NewTestResults":[{"TestCase":{"Id":"119c2e80-9efc-f058-fc7a-0efb2b780fec","FullyQualifiedName":"MatrimonialUnitTest.MatchServiceTest.RemoveTheMatchTest","DisplayName":"RemoveTheMatchTest","ExecutorUri":"executor://NUnit3TestExecutor","Source":"C:\\Minor Project\\MatrimonialUnitTest\\bin\\Debug\\net6.0\\fine-code-coverage\\build-output\\MatrimonialUnitTest.dll","CodeFilePath":null,"LineNumber":0,"Properties":[{"Key":{"Id":"NUnit.Seed","Label":"Seed","Category":"","Description":"","Attributes":0,"ValueType":"System.String"},"Value":"650761176"}]},"Attachments":[],"Outcome":1,"ErrorMessage":null,"ErrorStackTrace":null,"DisplayName":"RemoveTheMatchTest","Messages":[],"ComputerName":"1D66JX3","Duration":"00:00:00.0094160","StartTime":"2024-06-18T06:48:04.2607218+00:00","EndTime":"2024-06-18T06:48:04.2701373+00:00","Properties":[{"Key":{"Id":"NUnit.Seed","Label":"Seed","Category":"","Description":"","Attributes":0,"ValueType":"System.String"},"Value":"650761176"}]},{"TestCase":{"Id":"5b0c3a94-9368-f335-5db9-61da58ba2617","FullyQualifiedName":"MatrimonialUnitTest.MatchServiceTest.UpdateMatchStatusTest","DisplayName":"UpdateMatchStatusTest","ExecutorUri":"executor://NUnit3TestExecutor","Source":"C:\\Minor Project\\MatrimonialUnitTest\\bin\\Debug\\net6.0\\fine-code-coverage\\build-output\\MatrimonialUnitTest.dll","CodeFilePath":null,"LineNumber":0,"Properties":[{"Key":{"Id":"NUnit.Seed","Label":"Seed","Category":"","Description":"","Attributes":0,"ValueType":"System.String"},"Value":"1325390846"}]},"Attachments":[],"Outcome":1,"ErrorMessage":null,"ErrorStackTrace":null,"DisplayName":"UpdateMatchStatusTest","Messages":[],"ComputerName":"1D66JX3","Duration":"00:00:00.0314650","StartTime":"2024-06-18T06:48:04.2701727+00:00","EndTime":"2024-06-18T06:48:04.3016365+00:00","Properties":[{"Key":{"Id":"NUnit.Seed","Label":"Seed","Category":"","Description":"","Attributes":0,"ValueType":"System.String"},"Value":"1325390846"}]},{"TestCase":{"Id":"5b9cdf4f-4112-cf58-19bc-0c46b9641fad","FullyQualifiedName":"MatrimonialUnitTest.ProfileServiceTest.CreateProfileTest","DisplayName":"CreateProfileTest","ExecutorUri":"executor://NUnit3TestExecutor","Source":"C:\\Minor Project\\MatrimonialUnitTest\\bin\\Debug\\net6.0\\fine-code-coverage\\build-output\\MatrimonialUnitTest.dll","CodeFilePath":null,"LineNumber":0,"Properties":[{"Key":{"Id":"NUnit.Seed","Label":"Seed","Category":"","Description":"","Attributes":0,"ValueType":"System.String"},"Value":"1271702231"}]},"Attachments":[],"Outcome":1,"ErrorMessage":null,"ErrorStackTrace":null,"DisplayName":"CreateProfileTest","Messages":[],"ComputerName":"1D66JX3","Duration":"00:00:00.0413209","StartTime":"2024-06-18T06:48:04.3021152+00:00","EndTime":"2024-06-18T06:48:04.3434357+00:00","Properties":[{"Key":{"Id":"NUnit.Seed","Label":"Seed","Category":"","Description":"","Attributes":0,"ValueType":"System.String"},"Value":"1271702231"}]},{"TestCase":{"Id":"a8a0eb3d-a5ac-ca55-2356-19b8c1bda8e7","FullyQualifiedName":"MatrimonialUnitTest.ProfileServiceTest.DeleteMyProfileTest","DisplayName":"DeleteMyProfileTest","ExecutorUri":"executor://NUnit3TestExecutor","Source":"C:\\Minor Project\\MatrimonialUnitTest\\bin\\Debug\\net6.0\\fine-code-coverage\\build-output\\MatrimonialUnitTest.dll","CodeFilePath":null,"LineNumber":0,"Properties":[{"Key":{"Id":"NUnit.Seed","Label":"Seed","Category":"","Description":"","Attributes":0,"ValueType":"System.String"},"Value":"1899371805"}]},"Attachments":[],"Outcome":1,"ErrorMessage":null,"ErrorStackTrace":null,"DisplayName":"DeleteMyProfileTest","Messages":[],"ComputerName":"1D66JX3","Duration":"00:00:00.0182220","StartTime":"2024-06-18T06:48:04.3434908+00:00","EndTime":"2024-06-18T06:48:04.3617125+00:00","Properties":[{"Key":{"Id":"NUnit.Seed","Label":"Seed","Category":"","Description":"","Attributes":0,"ValueType":"System.String"},"Value":"1899371805"}]},{"TestCase":{"Id":"5c70d77f-86d4-8d4d-2c8f-bf065ee78fd9","FullyQualifiedName":"MatrimonialUnitTest.ProfileServiceTest.GetMyProfileTest","DisplayName":"GetMyProfileTest","ExecutorUri":"executor://NUnit3TestExecutor","Source":"C:\\Minor Project\\MatrimonialUnitTest\\bin\\Debug\\net6.0\\fine-code-coverage\\build-output\\MatrimonialUnitTest.dll","CodeFilePath":null,"LineNumber":0,"Properties":[{"Key":{"Id":"NUnit.Seed","Label":"Seed","Category":"","Description":"","Attributes":0,"ValueType":"System.String"},"Value":"50887633"}]},"Attachments":[],"Outcome":1,"ErrorMessage":null,"ErrorStackTrace":null,"DisplayName":"GetMyProfileTest","Messages":[],"ComputerName":"1D66JX3","Duration":"00:00:00.0028860","StartTime":"2024-06-18T06:48:04.3617651+00:00","EndTime":"2024-06-18T06:48:04.3646512+00:00","Properties":[{"Key":{"Id":"NUnit.Seed","Label":"Seed","Category":"","Description":"","Attributes":0,"ValueType":"System.String"},"Value":"50887633"}]},{"TestCase":{"Id":"4ecac049-8c76-d20c-470e-ded1a6a60707","FullyQualifiedName":"MatrimonialUnitTest.ProfileServiceTest.UpdateMyProfileTest","DisplayName":"UpdateMyProfileTest","ExecutorUri":"executor://NUnit3TestExecutor","Source":"C:\\Minor Project\\MatrimonialUnitTest\\bin\\Debug\\net6.0\\fine-code-coverage\\build-output\\MatrimonialUnitTest.dll","CodeFilePath":null,"LineNumber":0,"Properties":[{"Key":{"Id":"NUnit.Seed","Label":"Seed","Category":"","Description":"","Attributes":0,"ValueType":"System.String"},"Value":"1794000624"}]},"Attachments":[],"Outcome":1,"ErrorMessage":null,"ErrorStackTrace":null,"DisplayName":"UpdateMyProfileTest","Messages":[],"ComputerName":"1D66JX3","Duration":"00:00:00.0023149","StartTime":"2024-06-18T06:48:04.3646878+00:00","EndTime":"2024-06-18T06:48:04.3670021+00:00","Properties":[{"Key":{"Id":"NUnit.Seed","Label":"Seed","Category":"","Description":"","Attributes":0,"ValueType":"System.String"},"Value":"1794000624"}]},{"TestCase":{"Id":"89f6e680-eae8-e794-5fd2-610660f66803","FullyQualifiedName":"MatrimonialUnitTest.Tests.Test1","DisplayName":"Test1","ExecutorUri":"executor://NUnit3TestExecutor","Source":"C:\\Minor Project\\MatrimonialUnitTest\\bin\\Debug\\net6.0\\fine-code-coverage\\build-output\\MatrimonialUnitTest.dll","CodeFilePath":null,"LineNumber":0,"Properties":[{"Key":{"Id":"NUnit.Seed","Label":"Seed","Category":"","Description":"","Attributes":0,"ValueType":"System.String"},"Value":"1372319181"}]},"Attachments":[],"Outcome":1,"ErrorMessage":null,"ErrorStackTrace":null,"DisplayName":"Test1","Messages":[],"ComputerName":"1D66JX3","Duration":"00:00:00.0364450","StartTime":"2024-06-18T06:48:04.3671765+00:00","EndTime":"2024-06-18T06:48:04.4036209+00:00","Properties":[{"Key":{"Id":"NUnit.Seed","Label":"Seed","Category":"","Description":"","Attributes":0,"ValueType":"System.String"},"Value":"1372319181"}]},{"TestCase":{"Id":"ed0a3934-1696-ec88-52a2-575a764126a3","FullyQualifiedName":"MatrimonialUnitTest.TokenServiceTest.CreateTokenPassTest","DisplayName":"CreateTokenPassTest","ExecutorUri":"executor://NUnit3TestExecutor","Source":"C:\\Minor Project\\MatrimonialUnitTest\\bin\\Debug\\net6.0\\fine-code-coverage\\build-output\\MatrimonialUnitTest.dll","CodeFilePath":null,"LineNumber":0,"Properties":[{"Key":{"Id":"NUnit.Seed","Label":"Seed","Category":"","Description":"","Attributes":0,"ValueType":"System.String"},"Value":"1407583585"}]},"Attachments":[],"Outcome":1,"ErrorMessage":null,"ErrorStackTrace":null,"DisplayName":"CreateTokenPassTest","Messages":[],"ComputerName":"1D66JX3","Duration":"00:00:00.3803830","StartTime":"2024-06-18T06:48:04.4038344+00:00","EndTime":"2024-06-18T06:48:04.7842171+00:00","Properties":[{"Key":{"Id":"NUnit.Seed","Label":"Seed","Category":"","Description":"","Attributes":0,"ValueType":"System.String"},"Value":"1407583585"}]},{"TestCase":{"Id":"28b54ffb-3ac7-51d2-533e-0edded9c672c","FullyQualifiedName":"MatrimonialUnitTest.TransactionServiceTest.CreateTransaction_ShouldReturnTransaction","DisplayName":"CreateTransaction_ShouldReturnTransaction","ExecutorUri":"executor://NUnit3TestExecutor","Source":"C:\\Minor Project\\MatrimonialUnitTest\\bin\\Debug\\net6.0\\fine-code-coverage\\build-output\\MatrimonialUnitTest.dll","CodeFilePath":null,"LineNumber":0,"Properties":[{"Key":{"Id":"NUnit.Seed","Label":"Seed","Category":"","Description":"","Attributes":0,"ValueType":"System.String"},"Value":"1867479103"}]},"Attachments":[],"Outcome":2,"ErrorMessage":"System.Exception : Invalid Type","ErrorStackTrace":"   at MatrimonialApp.Services.TransactionService.CreateTransaction(Int32 userId, TransactionDTO transactionDTO) in C:\\Minor Project\\MatrimonialApp\\Services\\TransactionService.cs:line 23\r\n   at MatrimonialUnitTest.TransactionServiceTest.CreateTransaction_ShouldReturnTransaction() in C:\\Minor Project\\MatrimonialUnitTest\\TransactionServiceTest.cs:line 61\r\n   at NUnit.Framework.Internal.TaskAwaitAdapter.GenericAdapter`1.GetResult()\r\n   at NUnit.Framework.Internal.AsyncToSyncAdapter.Await(Func`1 invoke)\r\n   at NUnit.Framework.Internal.Commands.TestMethodCommand.RunTestMethod(TestExecutionContext context)\r\n   at NUnit.Framework.Internal.Commands.TestMethodCommand.Execute(TestExecutionContext context)\r\n   at NUnit.Framework.Internal.Commands.BeforeAndAfterTestCommand.<>c__DisplayClass1_0.<Execute>b__0()\r\n   at NUnit.Framework.Internal.Commands.DelegatingTestCommand.RunTestMethodInThreadAbortSafeZone(TestExecutionContext context, Action action)\n","DisplayName":"CreateTransaction_ShouldReturnTransaction","Messages":[],"ComputerName":"1D66JX3","Duration":"00:00:00.0867050","StartTime":"2024-06-18T06:48:04.7845627+00:00","EndTime":"2024-06-18T06:48:04.8712672+00:00","Properties":[{"Key":{"Id":"NUnit.Seed","Label":"Seed","Category":"","Description":"","Attributes":0,"ValueType":"System.String"},"Value":"1867479103"}]}],"TestRunStatistics":{"ExecutedTests":27,"Stats":{"Passed":26,"Failed":1}},"ActiveTests":[{"Id":"17b2b718-5ce7-372f-be02-5543aa5810cc","FullyQualifiedName":"MatrimonialUnitTest.TransactionServiceTest.DeleteTransaction_ShouldReturnDeletedTransaction","DisplayName":"DeleteTransaction_ShouldReturnDeletedTransaction","ExecutorUri":"executor://NUnit3TestExecutor","Source":"C:\\Minor Project\\MatrimonialUnitTest\\bin\\Debug\\net6.0\\fine-code-coverage\\build-output\\MatrimonialUnitTest.dll","CodeFilePath":null,"LineNumber":0,"Properties":[{"Key":{"Id":"NUnit.Seed","Label":"Seed","Category":"","Description":"","Attributes":0,"ValueType":"System.String"},"Value":"1387850810"}]}]}}
TpTrace Verbose: 0 : 36448, 12, 2024/06/18, 12:18:04.899, 3552328047586, vstest.console.dll, TestRunRequest:SendTestRunStatsChange: Starting.
TpTrace Verbose: 0 : 36448, 12, 2024/06/18, 12:18:04.899, 3552328048939, vstest.console.dll, InProgress is DeleteTransaction_ShouldReturnDeletedTransaction
TpTrace Verbose: 0 : 36448, 12, 2024/06/18, 12:18:04.899, 3552328050047, vstest.console.dll, MulticastDelegateUtilities.SafeInvoke: TestRun.RunStatsChanged: Invoking callbacks was skipped because there are no subscribers.
TpTrace Information: 0 : 36448, 12, 2024/06/18, 12:18:04.899, 3552328050541, vstest.console.dll, TestRunRequest:SendTestRunStatsChange: Completed.
TpTrace Verbose: 0 : 36448, 12, 2024/06/18, 12:18:04.900, 3552328057846, vstest.console.dll, MulticastDelegateUtilities.SafeInvoke: LengthPrefixCommunicationChannel: MessageReceived: Invoking callback 1/1 for Microsoft.VisualStudio.TestPlatform.CommunicationUtilities.TestRequestSender+<>c__DisplayClass34_0., took 3 ms.
TpTrace Verbose: 0 : 36448, 4, 2024/06/18, 12:18:04.900, 3552328057847, vstest.console.dll, MulticastDelegateUtilities.SafeInvoke: InternalTestLoggerEvents.SendTestResult: Invoking callback 1/1 for Microsoft.VisualStudio.TestPlatform.CommandLine.Internal.ConsoleLogger., took 0 ms.
TpTrace Verbose: 0 : 36448, 12, 2024/06/18, 12:18:04.900, 3552328059184, vstest.console.dll, TcpClientExtensions.MessageLoopAsync: Polling on remoteEndPoint: 127.0.0.1:52724 localEndPoint: 127.0.0.1:52723 after 631 ms
TpTrace Verbose: 0 : 36448, 4, 2024/06/18, 12:18:04.900, 3552328061238, vstest.console.dll, MulticastDelegateUtilities.SafeInvoke: InternalTestLoggerEvents.SendTestResult: Invoking callback 1/1 for Microsoft.VisualStudio.TestPlatform.CommandLine.Internal.ConsoleLogger., took 0 ms.
TpTrace Verbose: 0 : 36448, 4, 2024/06/18, 12:18:04.900, 3552328062158, vstest.console.dll, MulticastDelegateUtilities.SafeInvoke: InternalTestLoggerEvents.SendTestResult: Invoking callback 1/1 for Microsoft.VisualStudio.TestPlatform.CommandLine.Internal.ConsoleLogger., took 0 ms.
TpTrace Verbose: 0 : 36448, 4, 2024/06/18, 12:18:04.901, 3552328062930, vstest.console.dll, MulticastDelegateUtilities.SafeInvoke: InternalTestLoggerEvents.SendTestResult: Invoking callback 1/1 for Microsoft.VisualStudio.TestPlatform.CommandLine.Internal.ConsoleLogger., took 0 ms.
TpTrace Verbose: 0 : 36448, 4, 2024/06/18, 12:18:04.901, 3552328063837, vstest.console.dll, MulticastDelegateUtilities.SafeInvoke: InternalTestLoggerEvents.SendTestResult: Invoking callback 1/1 for Microsoft.VisualStudio.TestPlatform.CommandLine.Internal.ConsoleLogger., took 0 ms.
TpTrace Verbose: 0 : 36448, 4, 2024/06/18, 12:18:04.901, 3552328064560, vstest.console.dll, MulticastDelegateUtilities.SafeInvoke: InternalTestLoggerEvents.SendTestResult: Invoking callback 1/1 for Microsoft.VisualStudio.TestPlatform.CommandLine.Internal.ConsoleLogger., took 0 ms.
TpTrace Verbose: 0 : 36448, 4, 2024/06/18, 12:18:04.901, 3552328065285, vstest.console.dll, MulticastDelegateUtilities.SafeInvoke: InternalTestLoggerEvents.SendTestResult: Invoking callback 1/1 for Microsoft.VisualStudio.TestPlatform.CommandLine.Internal.ConsoleLogger., took 0 ms.
TpTrace Verbose: 0 : 36448, 4, 2024/06/18, 12:18:04.901, 3552328066037, vstest.console.dll, MulticastDelegateUtilities.SafeInvoke: InternalTestLoggerEvents.SendTestResult: Invoking callback 1/1 for Microsoft.VisualStudio.TestPlatform.CommandLine.Internal.ConsoleLogger., took 0 ms.
TpTrace Verbose: 0 : 36448, 4, 2024/06/18, 12:18:04.902, 3552328080108, vstest.console.dll, MulticastDelegateUtilities.SafeInvoke: InternalTestLoggerEvents.SendTestResult: Invoking callback 1/1 for Microsoft.VisualStudio.TestPlatform.CommandLine.Internal.ConsoleLogger., took 1 ms.
TpTrace Verbose: 0 : 36448, 12, 2024/06/18, 12:18:05.028, 3552329333823, vstest.console.dll, TcpClientExtensions.MessageLoopAsync: NotifyDataAvailable remoteEndPoint: 127.0.0.1:52724 localEndPoint: 127.0.0.1:52723
TpTrace Verbose: 0 : 36448, 12, 2024/06/18, 12:18:05.028, 3552329342328, vstest.console.dll, TestRequestSender.OnExecutionMessageReceived: Received message: {"Version":7,"MessageType":"TestExecution.StatsChange","Payload":{"NewTestResults":[{"TestCase":{"Id":"17b2b718-5ce7-372f-be02-5543aa5810cc","FullyQualifiedName":"MatrimonialUnitTest.TransactionServiceTest.DeleteTransaction_ShouldReturnDeletedTransaction","DisplayName":"DeleteTransaction_ShouldReturnDeletedTransaction","ExecutorUri":"executor://NUnit3TestExecutor","Source":"C:\\Minor Project\\MatrimonialUnitTest\\bin\\Debug\\net6.0\\fine-code-coverage\\build-output\\MatrimonialUnitTest.dll","CodeFilePath":null,"LineNumber":0,"Properties":[{"Key":{"Id":"NUnit.Seed","Label":"Seed","Category":"","Description":"","Attributes":0,"ValueType":"System.String"},"Value":"1387850810"}]},"Attachments":[],"Outcome":2,"ErrorMessage":"System.Exception : Invalid Type","ErrorStackTrace":"   at MatrimonialApp.Services.TransactionService.CreateTransaction(Int32 userId, TransactionDTO transactionDTO) in C:\\Minor Project\\MatrimonialApp\\Services\\TransactionService.cs:line 23\r\n   at MatrimonialUnitTest.TransactionServiceTest.DeleteTransaction_ShouldReturnDeletedTransaction() in C:\\Minor Project\\MatrimonialUnitTest\\TransactionServiceTest.cs:line 131\r\n   at NUnit.Framework.Internal.TaskAwaitAdapter.GenericAdapter`1.GetResult()\r\n   at NUnit.Framework.Internal.AsyncToSyncAdapter.Await(Func`1 invoke)\r\n   at NUnit.Framework.Internal.Commands.TestMethodCommand.RunTestMethod(TestExecutionContext context)\r\n   at NUnit.Framework.Internal.Commands.TestMethodCommand.Execute(TestExecutionContext context)\r\n   at NUnit.Framework.Internal.Commands.BeforeAndAfterTestCommand.<>c__DisplayClass1_0.<Execute>b__0()\r\n   at NUnit.Framework.Internal.Commands.DelegatingTestCommand.RunTestMethodInThreadAbortSafeZone(TestExecutionContext context, Action action)\n","DisplayName":"DeleteTransaction_ShouldReturnDeletedTransaction","Messages":[],"ComputerName":"1D66JX3","Duration":"00:00:00.0024610","StartTime":"2024-06-18T06:48:04.8716175+00:00","EndTime":"2024-06-18T06:48:04.8740782+00:00","Properties":[{"Key":{"Id":"NUnit.Seed","Label":"Seed","Category":"","Description":"","Attributes":0,"ValueType":"System.String"},"Value":"1387850810"}]},{"TestCase":{"Id":"25095024-c640-4756-3cb6-b424ba016793","FullyQualifiedName":"MatrimonialUnitTest.TransactionServiceTest.GetAllTransactions_ShouldReturnAllTransactions","DisplayName":"GetAllTransactions_ShouldReturnAllTransactions","ExecutorUri":"executor://NUnit3TestExecutor","Source":"C:\\Minor Project\\MatrimonialUnitTest\\bin\\Debug\\net6.0\\fine-code-coverage\\build-output\\MatrimonialUnitTest.dll","CodeFilePath":null,"LineNumber":0,"Properties":[{"Key":{"Id":"NUnit.Seed","Label":"Seed","Category":"","Description":"","Attributes":0,"ValueType":"System.String"},"Value":"1984719634"}]},"Attachments":[],"Outcome":2,"ErrorMessage":"System.Exception : Invalid Type","ErrorStackTrace":"   at MatrimonialApp.Services.TransactionService.CreateTransaction(Int32 userId, TransactionDTO transactionDTO) in C:\\Minor Project\\MatrimonialApp\\Services\\TransactionService.cs:line 23\r\n   at MatrimonialUnitTest.TransactionServiceTest.GetAllTransactions_ShouldReturnAllTransactions() in C:\\Minor Project\\MatrimonialUnitTest\\TransactionServiceTest.cs:line 84\r\n   at NUnit.Framework.Internal.TaskAwaitAdapter.GenericAdapter`1.GetResult()\r\n   at NUnit.Framework.Internal.AsyncToSyncAdapter.Await(Func`1 invoke)\r\n   at NUnit.Framework.Internal.Commands.TestMethodCommand.RunTestMethod(TestExecutionContext context)\r\n   at NUnit.Framework.Internal.Commands.TestMethodCommand.Execute(TestExecutionContext context)\r\n   at NUnit.Framework.Internal.Commands.BeforeAndAfterTestCommand.<>c__DisplayClass1_0.<Execute>b__0()\r\n   at NUnit.Framework.Internal.Commands.DelegatingTestCommand.RunTestMethodInThreadAbortSafeZone(TestExecutionContext context, Action action)\n","DisplayName":"GetAllTransactions_ShouldReturnAllTransactions","Messages":[],"ComputerName":"1D66JX3","Duration":"00:00:00.0026430","StartTime":"2024-06-18T06:48:04.8741086+00:00","EndTime":"2024-06-18T06:48:04.8767512+00:00","Properties":[{"Key":{"Id":"NUnit.Seed","Label":"Seed","Category":"","Description":"","Attributes":0,"ValueType":"System.String"},"Value":"1984719634"}]},{"TestCase":{"Id":"7fe9b6cf-6d43-82a3-b06b-2f04d4f37876","FullyQualifiedName":"MatrimonialUnitTest.TransactionServiceTest.GetTransactionById_ShouldReturnTransaction","DisplayName":"GetTransactionById_ShouldReturnTransaction","ExecutorUri":"executor://NUnit3TestExecutor","Source":"C:\\Minor Project\\MatrimonialUnitTest\\bin\\Debug\\net6.0\\fine-code-coverage\\build-output\\MatrimonialUnitTest.dll","CodeFilePath":null,"LineNumber":0,"Properties":[{"Key":{"Id":"NUnit.Seed","Label":"Seed","Category":"","Description":"","Attributes":0,"ValueType":"System.String"},"Value":"1398871576"}]},"Attachments":[],"Outcome":2,"ErrorMessage":"System.NullReferenceException : Object reference not set to an instance of an object.","ErrorStackTrace":"   at MatrimonialUnitTest.TransactionServiceTest.GetTransactionById_ShouldReturnTransaction() in C:\\Minor Project\\MatrimonialUnitTest\\TransactionServiceTest.cs:line 104\r\n   at NUnit.Framework.Internal.TaskAwaitAdapter.GenericAdapter`1.GetResult()\r\n   at NUnit.Framework.Internal.AsyncToSyncAdapter.Await(Func`1 invoke)\r\n   at NUnit.Framework.Internal.Commands.TestMethodCommand.RunTestMethod(TestExecutionContext context)\r\n   at NUnit.Framework.Internal.Commands.TestMethodCommand.Execute(TestExecutionContext context)\r\n   at NUnit.Framework.Internal.Commands.BeforeAndAfterTestCommand.<>c__DisplayClass1_0.<Execute>b__0()\r\n   at NUnit.Framework.Internal.Commands.DelegatingTestCommand.RunTestMethodInThreadAbortSafeZone(TestExecutionContext context, Action action)\n","DisplayName":"GetTransactionById_ShouldReturnTransaction","Messages":[],"ComputerName":"1D66JX3","Duration":"00:00:00.0137100","StartTime":"2024-06-18T06:48:04.876783+00:00","EndTime":"2024-06-18T06:48:04.8904918+00:00","Properties":[{"Key":{"Id":"NUnit.Seed","Label":"Seed","Category":"","Description":"","Attributes":0,"ValueType":"System.String"},"Value":"1398871576"}]},{"TestCase":{"Id":"6daff5fc-0087-df80-377f-093ba330f519","FullyQualifiedName":"MatrimonialUnitTest.TransactionServiceTest.GetTransactionsByUserId_ShouldReturnTransactions","DisplayName":"GetTransactionsByUserId_ShouldReturnTransactions","ExecutorUri":"executor://NUnit3TestExecutor","Source":"C:\\Minor Project\\MatrimonialUnitTest\\bin\\Debug\\net6.0\\fine-code-coverage\\build-output\\MatrimonialUnitTest.dll","CodeFilePath":null,"LineNumber":0,"Properties":[{"Key":{"Id":"NUnit.Seed","Label":"Seed","Category":"","Description":"","Attributes":0,"ValueType":"System.String"},"Value":"1425755670"}]},"Attachments":[],"Outcome":2,"ErrorMessage":"  Expected: 1\r\n  But was:  0\r\n","ErrorStackTrace":"   at MatrimonialUnitTest.TransactionServiceTest.GetTransactionsByUserId_ShouldReturnTransactions() in C:\\Minor Project\\MatrimonialUnitTest\\TransactionServiceTest.cs:line 116\r\n   at NUnit.Framework.Internal.TaskAwaitAdapter.GenericAdapter`1.GetResult()\r\n   at NUnit.Framework.Internal.AsyncToSyncAdapter.Await(Func`1 invoke)\r\n   at NUnit.Framework.Internal.Commands.TestMethodCommand.RunTestMethod(TestExecutionContext context)\r\n   at NUnit.Framework.Internal.Commands.TestMethodCommand.Execute(TestExecutionContext context)\r\n   at NUnit.Framework.Internal.Commands.BeforeAndAfterTestCommand.<>c__DisplayClass1_0.<Execute>b__0()\r\n   at NUnit.Framework.Internal.Commands.DelegatingTestCommand.RunTestMethodInThreadAbortSafeZone(TestExecutionContext context, Action action)\r\n\n1)    at MatrimonialUnitTest.TransactionServiceTest.GetTransactionsByUserId_ShouldReturnTransactions() in C:\\Minor Project\\MatrimonialUnitTest\\TransactionServiceTest.cs:line 116\r\n   at System.Runtime.CompilerServices.AsyncMethodBuilderCore.Start[TStateMachine](TStateMachine& stateMachine)\r\n   at MatrimonialUnitTest.TransactionServiceTest.GetTransactionsByUserId_ShouldReturnTransactions()\r\n\n","DisplayName":"GetTransactionsByUserId_ShouldReturnTransactions","Messages":[],"ComputerName":"1D66JX3","Duration":"00:00:00.0518480","StartTime":"2024-06-18T06:48:04.8906028+00:00","EndTime":"2024-06-18T06:48:04.9424505+00:00","Properties":[{"Key":{"Id":"NUnit.Seed","Label":"Seed","Category":"","Description":"","Attributes":0,"ValueType":"System.String"},"Value":"1425755670"}]},{"TestCase":{"Id":"b4e1e2b4-4993-06dc-3a1d-7727ccdb1a0e","FullyQualifiedName":"MatrimonialUnitTest.TransactionServiceTest.UpdateTransactionStatus_InvalidTransaction_ShouldThrowException","DisplayName":"UpdateTransactionStatus_InvalidTransaction_ShouldThrowException","ExecutorUri":"executor://NUnit3TestExecutor","Source":"C:\\Minor Project\\MatrimonialUnitTest\\bin\\Debug\\net6.0\\fine-code-coverage\\build-output\\MatrimonialUnitTest.dll","CodeFilePath":null,"LineNumber":0,"Properties":[{"Key":{"Id":"NUnit.Seed","Label":"Seed","Category":"","Description":"","Attributes":0,"ValueType":"System.String"},"Value":"348718773"}]},"Attachments":[],"Outcome":1,"ErrorMessage":null,"ErrorStackTrace":null,"DisplayName":"UpdateTransactionStatus_InvalidTransaction_ShouldThrowException","Messages":[],"ComputerName":"1D66JX3","Duration":"00:00:00.0035490","StartTime":"2024-06-18T06:48:04.9425011+00:00","EndTime":"2024-06-18T06:48:04.9460498+00:00","Properties":[{"Key":{"Id":"NUnit.Seed","Label":"Seed","Category":"","Description":"","Attributes":0,"ValueType":"System.String"},"Value":"348718773"}]},{"TestCase":{"Id":"935f9559-1841-93db-bd19-c9f2356bc5c9","FullyQualifiedName":"MatrimonialUnitTest.TransactionServiceTest.UpdateTransactionStatus_ShouldReturnUpdatedTransaction","DisplayName":"UpdateTransactionStatus_ShouldReturnUpdatedTransaction","ExecutorUri":"executor://NUnit3TestExecutor","Source":"C:\\Minor Project\\MatrimonialUnitTest\\bin\\Debug\\net6.0\\fine-code-coverage\\build-output\\MatrimonialUnitTest.dll","CodeFilePath":null,"LineNumber":0,"Properties":[{"Key":{"Id":"NUnit.Seed","Label":"Seed","Category":"","Description":"","Attributes":0,"ValueType":"System.String"},"Value":"567297148"}]},"Attachments":[],"Outcome":2,"ErrorMessage":"System.InvalidOperationException : Invalid Transaction","ErrorStackTrace":"   at MatrimonialApp.Services.TransactionService.UpdateTransactionStatus(Int32 transactionId) in C:\\Minor Project\\MatrimonialApp\\Services\\TransactionService.cs:line 66\r\n   at MatrimonialUnitTest.TransactionServiceTest.UpdateTransactionStatus_ShouldReturnUpdatedTransaction() in C:\\Minor Project\\MatrimonialUnitTest\\TransactionServiceTest.cs:line 148\r\n   at NUnit.Framework.Internal.TaskAwaitAdapter.GenericAdapter`1.GetResult()\r\n   at NUnit.Framework.Internal.AsyncToSyncAdapter.Await(Func`1 invoke)\r\n   at NUnit.Framework.Internal.Commands.TestMethodCommand.RunTestMethod(TestExecutionContext context)\r\n   at NUnit.Framework.Internal.Commands.TestMethodCommand.Execute(TestExecutionContext context)\r\n   at NUnit.Framework.Internal.Commands.BeforeAndAfterTestCommand.<>c__DisplayClass1_0.<Execute>b__0()\r\n   at NUnit.Framework.Internal.Commands.DelegatingTestCommand.RunTestMethodInThreadAbortSafeZone(TestExecutionContext context, Action action)\n","DisplayName":"UpdateTransactionStatus_ShouldReturnUpdatedTransaction","Messages":[],"ComputerName":"1D66JX3","Duration":"00:00:00.0027000","StartTime":"2024-06-18T06:48:04.9466517+00:00","EndTime":"2024-06-18T06:48:04.9493521+00:00","Properties":[{"Key":{"Id":"NUnit.Seed","Label":"Seed","Category":"","Description":"","Attributes":0,"ValueType":"System.String"},"Value":"567297148"}]},{"TestCase":{"Id":"c649e53e-45ad-8daf-9081-572fae5ee527","FullyQualifiedName":"MatrimonialUnitTest.UserServiceTest.AddUserTest","DisplayName":"AddUserTest","ExecutorUri":"executor://NUnit3TestExecutor","Source":"C:\\Minor Project\\MatrimonialUnitTest\\bin\\Debug\\net6.0\\fine-code-coverage\\build-output\\MatrimonialUnitTest.dll","CodeFilePath":null,"LineNumber":0,"Properties":[{"Key":{"Id":"NUnit.Seed","Label":"Seed","Category":"","Description":"","Attributes":0,"ValueType":"System.String"},"Value":"1378812902"}]},"Attachments":[],"Outcome":1,"ErrorMessage":null,"ErrorStackTrace":null,"DisplayName":"AddUserTest","Messages":[],"ComputerName":"1D66JX3","Duration":"00:00:00.0634820","StartTime":"2024-06-18T06:48:04.9497577+00:00","EndTime":"2024-06-18T06:48:05.0132389+00:00","Properties":[{"Key":{"Id":"NUnit.Seed","Label":"Seed","Category":"","Description":"","Attributes":0,"ValueType":"System.String"},"Value":"1378812902"}]},{"TestCase":{"Id":"e2f8f813-444d-0e75-9d11-a6459f5d210e","FullyQualifiedName":"MatrimonialUnitTest.UserServiceTest.FindMyMatchTest","DisplayName":"FindMyMatchTest","ExecutorUri":"executor://NUnit3TestExecutor","Source":"C:\\Minor Project\\MatrimonialUnitTest\\bin\\Debug\\net6.0\\fine-code-coverage\\build-output\\MatrimonialUnitTest.dll","CodeFilePath":null,"LineNumber":0,"Properties":[{"Key":{"Id":"NUnit.Seed","Label":"Seed","Category":"","Description":"","Attributes":0,"ValueType":"System.String"},"Value":"1549015235"}]},"Attachments":[],"Outcome":1,"ErrorMessage":null,"ErrorStackTrace":null,"DisplayName":"FindMyMatchTest","Messages":[],"ComputerName":"1D66JX3","Duration":"00:00:00.0053470","StartTime":"2024-06-18T06:48:05.0132799+00:00","EndTime":"2024-06-18T06:48:05.0186266+00:00","Properties":[{"Key":{"Id":"NUnit.Seed","Label":"Seed","Category":"","Description":"","Attributes":0,"ValueType":"System.String"},"Value":"1549015235"}]},{"TestCase":{"Id":"a8fa39e2-b759-c9d3-89d6-868a27f619b4","FullyQualifiedName":"MatrimonialUnitTest.UserServiceTest.GetMyMatchsTest","DisplayName":"GetMyMatchsTest","ExecutorUri":"executor://NUnit3TestExecutor","Source":"C:\\Minor Project\\MatrimonialUnitTest\\bin\\Debug\\net6.0\\fine-code-coverage\\build-output\\MatrimonialUnitTest.dll","CodeFilePath":null,"LineNumber":0,"Properties":[{"Key":{"Id":"NUnit.Seed","Label":"Seed","Category":"","Description":"","Attributes":0,"ValueType":"System.String"},"Value":"359409489"}]},"Attachments":[],"Outcome":1,"ErrorMessage":null,"ErrorStackTrace":null,"DisplayName":"GetMyMatchsTest","Messages":[],"ComputerName":"1D66JX3","Duration":"00:00:00.0046440","StartTime":"2024-06-18T06:48:05.0186591+00:00","EndTime":"2024-06-18T06:48:05.0233029+00:00","Properties":[{"Key":{"Id":"NUnit.Seed","Label":"Seed","Category":"","Description":"","Attributes":0,"ValueType":"System.String"},"Value":"359409489"}]}],"TestRunStatistics":{"ExecutedTests":36,"Stats":{"Passed":30,"Failed":6}},"ActiveTests":[{"Id":"cce09588-733b-3881-29d6-194a2293c7c2","FullyQualifiedName":"MatrimonialUnitTest.UserServiceTest.LoginUserTest","DisplayName":"LoginUserTest","ExecutorUri":"executor://NUnit3TestExecutor","Source":"C:\\Minor Project\\MatrimonialUnitTest\\bin\\Debug\\net6.0\\fine-code-coverage\\build-output\\MatrimonialUnitTest.dll","CodeFilePath":null,"LineNumber":0,"Properties":[{"Key":{"Id":"NUnit.Seed","Label":"Seed","Category":"","Description":"","Attributes":0,"ValueType":"System.String"},"Value":"1147219305"}]}]}}
TpTrace Verbose: 0 : 36448, 12, 2024/06/18, 12:18:05.032, 3552329376795, vstest.console.dll, TestRunRequest:SendTestRunStatsChange: Starting.
TpTrace Verbose: 0 : 36448, 12, 2024/06/18, 12:18:05.032, 3552329378695, vstest.console.dll, InProgress is LoginUserTest
TpTrace Verbose: 0 : 36448, 12, 2024/06/18, 12:18:05.032, 3552329380106, vstest.console.dll, MulticastDelegateUtilities.SafeInvoke: TestRun.RunStatsChanged: Invoking callbacks was skipped because there are no subscribers.
TpTrace Information: 0 : 36448, 12, 2024/06/18, 12:18:05.032, 3552329381108, vstest.console.dll, TestRunRequest:SendTestRunStatsChange: Completed.
TpTrace Verbose: 0 : 36448, 12, 2024/06/18, 12:18:05.032, 3552329381693, vstest.console.dll, MulticastDelegateUtilities.SafeInvoke: LengthPrefixCommunicationChannel: MessageReceived: Invoking callback 1/1 for Microsoft.VisualStudio.TestPlatform.CommunicationUtilities.TestRequestSender+<>c__DisplayClass34_0., took 3 ms.
TpTrace Verbose: 0 : 36448, 12, 2024/06/18, 12:18:05.032, 3552329382325, vstest.console.dll, TcpClientExtensions.MessageLoopAsync: Polling on remoteEndPoint: 127.0.0.1:52724 localEndPoint: 127.0.0.1:52723 after 132 ms
TpTrace Verbose: 0 : 36448, 4, 2024/06/18, 12:18:05.033, 3552329384077, vstest.console.dll, MulticastDelegateUtilities.SafeInvoke: InternalTestLoggerEvents.SendTestResult: Invoking callback 1/1 for Microsoft.VisualStudio.TestPlatform.CommandLine.Internal.ConsoleLogger., took 0 ms.
TpTrace Verbose: 0 : 36448, 4, 2024/06/18, 12:18:05.033, 3552329388532, vstest.console.dll, MulticastDelegateUtilities.SafeInvoke: InternalTestLoggerEvents.SendTestResult: Invoking callback 1/1 for Microsoft.VisualStudio.TestPlatform.CommandLine.Internal.ConsoleLogger., took 0 ms.
TpTrace Verbose: 0 : 36448, 4, 2024/06/18, 12:18:05.033, 3552329391874, vstest.console.dll, MulticastDelegateUtilities.SafeInvoke: InternalTestLoggerEvents.SendTestResult: Invoking callback 1/1 for Microsoft.VisualStudio.TestPlatform.CommandLine.Internal.ConsoleLogger., took 0 ms.
TpTrace Verbose: 0 : 36448, 4, 2024/06/18, 12:18:05.034, 3552329395298, vstest.console.dll, MulticastDelegateUtilities.SafeInvoke: InternalTestLoggerEvents.SendTestResult: Invoking callback 1/1 for Microsoft.VisualStudio.TestPlatform.CommandLine.Internal.ConsoleLogger., took 0 ms.
TpTrace Verbose: 0 : 36448, 4, 2024/06/18, 12:18:05.034, 3552329396205, vstest.console.dll, MulticastDelegateUtilities.SafeInvoke: InternalTestLoggerEvents.SendTestResult: Invoking callback 1/1 for Microsoft.VisualStudio.TestPlatform.CommandLine.Internal.ConsoleLogger., took 0 ms.
TpTrace Verbose: 0 : 36448, 4, 2024/06/18, 12:18:05.041, 3552329471602, vstest.console.dll, MulticastDelegateUtilities.SafeInvoke: InternalTestLoggerEvents.SendTestResult: Invoking callback 1/1 for Microsoft.VisualStudio.TestPlatform.CommandLine.Internal.ConsoleLogger., took 7 ms.
TpTrace Verbose: 0 : 36448, 4, 2024/06/18, 12:18:05.042, 3552329475202, vstest.console.dll, MulticastDelegateUtilities.SafeInvoke: InternalTestLoggerEvents.SendTestResult: Invoking callback 1/1 for Microsoft.VisualStudio.TestPlatform.CommandLine.Internal.ConsoleLogger., took 0 ms.
TpTrace Verbose: 0 : 36448, 4, 2024/06/18, 12:18:05.042, 3552329475868, vstest.console.dll, MulticastDelegateUtilities.SafeInvoke: InternalTestLoggerEvents.SendTestResult: Invoking callback 1/1 for Microsoft.VisualStudio.TestPlatform.CommandLine.Internal.ConsoleLogger., took 0 ms.
TpTrace Verbose: 0 : 36448, 4, 2024/06/18, 12:18:05.042, 3552329477574, vstest.console.dll, MulticastDelegateUtilities.SafeInvoke: InternalTestLoggerEvents.SendTestResult: Invoking callback 1/1 for Microsoft.VisualStudio.TestPlatform.CommandLine.Internal.ConsoleLogger., took 0 ms.
TpTrace Verbose: 0 : 36448, 12, 2024/06/18, 12:18:05.094, 3552329998795, vstest.console.dll, TcpClientExtensions.MessageLoopAsync: NotifyDataAvailable remoteEndPoint: 127.0.0.1:52724 localEndPoint: 127.0.0.1:52723
TpTrace Verbose: 0 : 36448, 12, 2024/06/18, 12:18:05.094, 3552330000926, vstest.console.dll, TestRequestSender.OnExecutionMessageReceived: Received message: {"Version":7,"MessageType":"TestSession.Message","Payload":{"MessageLevel":0,"Message":"NUnit Adapter 4.4.0.0: Test execution complete"}}
TpTrace Verbose: 0 : 36448, 12, 2024/06/18, 12:18:05.095, 3552330002557, vstest.console.dll, TestRunRequest:SendTestRunMessage: Starting.
TpTrace Verbose: 0 : 36448, 12, 2024/06/18, 12:18:05.095, 3552330003543, vstest.console.dll, MulticastDelegateUtilities.SafeInvoke: TestRun.LogMessages: Invoking callback 1/1 for Microsoft.VisualStudio.TestPlatform.CommandLine.TestRunResultAggregator., took 0 ms.
TpTrace Information: 0 : 36448, 12, 2024/06/18, 12:18:05.095, 3552330004056, vstest.console.dll, TestRunRequest:SendTestRunMessage: Completed.
TpTrace Verbose: 0 : 36448, 12, 2024/06/18, 12:18:05.095, 3552330004422, vstest.console.dll, MulticastDelegateUtilities.SafeInvoke: LengthPrefixCommunicationChannel: MessageReceived: Invoking callback 1/1 for Microsoft.VisualStudio.TestPlatform.CommunicationUtilities.TestRequestSender+<>c__DisplayClass34_0., took 0 ms.
TpTrace Verbose: 0 : 36448, 4, 2024/06/18, 12:18:05.095, 3552330003732, vstest.console.dll, MulticastDelegateUtilities.SafeInvoke: InternalTestLoggerEvents.SendTestRunMessage: Invoking callback 1/1 for Microsoft.VisualStudio.TestPlatform.CommandLine.Internal.ConsoleLogger., took 0 ms.
TpTrace Verbose: 0 : 36448, 12, 2024/06/18, 12:18:05.095, 3552330004924, vstest.console.dll, TcpClientExtensions.MessageLoopAsync: Polling on remoteEndPoint: 127.0.0.1:52724 localEndPoint: 127.0.0.1:52723 after 62 ms
TpTrace Verbose: 0 : 36448, 12, 2024/06/18, 12:18:05.128, 3552330336428, vstest.console.dll, TcpClientExtensions.MessageLoopAsync: NotifyDataAvailable remoteEndPoint: 127.0.0.1:52724 localEndPoint: 127.0.0.1:52723
TpTrace Verbose: 0 : 36448, 12, 2024/06/18, 12:18:05.128, 3552330338568, vstest.console.dll, TestRequestSender.OnExecutionMessageReceived: Received message: {"Version":7,"MessageType":"TestExecution.Completed","Payload":{"TestRunCompleteArgs":{"TestRunStatistics":{"ExecutedTests":37,"Stats":{"Passed":31,"Failed":6}},"IsCanceled":false,"IsAborted":false,"Error":null,"AttachmentSets":[],"InvokedDataCollectors":[],"ElapsedTimeInRunningTests":"00:00:03.6098670","Metrics":{},"DiscoveredExtensions":{"TestDiscoverers":["NUnit.VisualStudio.TestAdapter.NUnit3TestDiscoverer, NUnit3.TestAdapter, Version=4.4.0.0, Culture=neutral, PublicKeyToken=4cb40d35494691ac"],"TestExecutors":["executor://NUnit3TestExecutor"],"TestExecutors2":[],"TestSettingsProviders":[]}},"LastRunTests":{"NewTestResults":[{"TestCase":{"Id":"cce09588-733b-3881-29d6-194a2293c7c2","FullyQualifiedName":"MatrimonialUnitTest.UserServiceTest.LoginUserTest","DisplayName":"LoginUserTest","ExecutorUri":"executor://NUnit3TestExecutor","Source":"C:\\Minor Project\\MatrimonialUnitTest\\bin\\Debug\\net6.0\\fine-code-coverage\\build-output\\MatrimonialUnitTest.dll","CodeFilePath":null,"LineNumber":0,"Properties":[{"Key":{"Id":"NUnit.Seed","Label":"Seed","Category":"","Description":"","Attributes":0,"ValueType":"System.String"},"Value":"1147219305"}]},"Attachments":[],"Outcome":1,"ErrorMessage":null,"ErrorStackTrace":null,"DisplayName":"LoginUserTest","Messages":[],"ComputerName":"1D66JX3","Duration":"00:00:00.0422560","StartTime":"2024-06-18T06:48:05.0233463+00:00","EndTime":"2024-06-18T06:48:05.0656007+00:00","Properties":[{"Key":{"Id":"NUnit.Seed","Label":"Seed","Category":"","Description":"","Attributes":0,"ValueType":"System.String"},"Value":"1147219305"}]}],"TestRunStatistics":{"ExecutedTests":37,"Stats":{"Passed":31,"Failed":6}},"ActiveTests":[]},"RunAttachments":[],"ExecutorUris":["executor://nunit3testexecutor/"]}}
TpTrace Verbose: 0 : 36448, 12, 2024/06/18, 12:18:05.128, 3552330339603, vstest.console.dll, TestRequestSender.EndSession: Sending end session.
TpTrace Verbose: 0 : 36448, 12, 2024/06/18, 12:18:05.128, 3552330341758, vstest.console.dll, ProxyOperationManager.Close: waiting for test host to exit for 100 ms
TpTrace Verbose: 0 : 36448, 11, 2024/06/18, 12:18:05.171, 3552330772150, vstest.console.dll, TestHostManagerCallbacks.ctor: Experimental forwarding output is disabled.
TpTrace Warning: 0 : 36448, 11, 2024/06/18, 12:18:05.172, 3552330774165, vstest.console.dll, TestHostManagerCallbacks.ErrorReceivedCallback Test host standard error line: 
TpTrace Verbose: 0 : 36448, 11, 2024/06/18, 12:18:05.191, 3552330969332, vstest.console.dll, TestHostProvider.ExitCallBack: Host exited starting callback.
TpTrace Information: 0 : 36448, 11, 2024/06/18, 12:18:05.192, 3552330973597, vstest.console.dll, TestHostManagerCallbacks.ExitCallBack: Testhost processId: 7056 exited with exitcode: 0 error: ''
TpTrace Verbose: 0 : 36448, 11, 2024/06/18, 12:18:05.192, 3552330974438, vstest.console.dll, DotnetTestHostManager.OnHostExited: invoking OnHostExited callback
TpTrace Verbose: 0 : 36448, 11, 2024/06/18, 12:18:05.192, 3552330975282, vstest.console.dll, CrossPlatEngine.TestHostManagerHostExited: calling on client process exit callback.
TpTrace Information: 0 : 36448, 11, 2024/06/18, 12:18:05.192, 3552330976658, vstest.console.dll, TestRequestSender.OnClientProcessExit: Test host process exited. Standard error: 
TpTrace Information: 0 : 36448, 12, 2024/06/18, 12:18:05.192, 3552330977046, vstest.console.dll, SocketServer.Stop: Stop server endPoint: 127.0.0.1:52723
TpTrace Information: 0 : 36448, 12, 2024/06/18, 12:18:05.192, 3552330977847, vstest.console.dll, SocketServer.Stop: Cancellation requested. Stopping message loop.
TpTrace Information: 0 : 36448, 11, 2024/06/18, 12:18:05.192, 3552330977465, vstest.console.dll, SocketServer.Stop: Stop server endPoint: 127.0.0.1:52723
TpTrace Information: 0 : 36448, 11, 2024/06/18, 12:18:05.192, 3552330979330, vstest.console.dll, SocketServer.Stop: Cancellation requested. Stopping message loop.
TpTrace Verbose: 0 : 36448, 11, 2024/06/18, 12:18:05.192, 3552330980087, vstest.console.dll, MulticastDelegateUtilities.SafeInvoke: HostProviderEvents.OnHostExited: Invoking callback 1/1 for Microsoft.VisualStudio.TestPlatform.CrossPlatEngine.Client.ProxyOperationManager., took 0 ms.
TpTrace Information: 0 : 36448, 12, 2024/06/18, 12:18:05.192, 3552330980533, vstest.console.dll, Closing the connection
TpTrace Verbose: 0 : 36448, 12, 2024/06/18, 12:18:05.193, 3552330984566, vstest.console.dll, ProxyDataCollectionManager.InvokeDataCollectionServiceAction: Starting.
TpTrace Information: 0 : 36448, 12, 2024/06/18, 12:18:05.193, 3552330985240, vstest.console.dll, ProxyDataCollectionManager.AfterTestRunEnd: Get attachment set and invoked data collectors processId: 37412 port: 52719
TpTrace Verbose: 0 : 36448, 12, 2024/06/18, 12:18:05.193, 3552330986035, vstest.console.dll, DataCollectionRequestSender.SendAfterTestRunStartAndGetResult: Send AfterTestRunEnd message with isCancelled: False
TpTrace Verbose: 0 : 36448, 12, 2024/06/18, 12:18:05.204, 3552331096972, vstest.console.dll, DataCollectionRequestSender.SendAfterTestRunStartAndGetResult: Received message: (DataCollection.AfterTestRunEndResult) -> {"MessageType":"DataCollection.AfterTestRunEndResult","Payload":{"AttachmentSets":[],"InvokedDataCollectors":[{"Uri":"datacollector://Microsoft/TestPlatform/Extensions/Blame/v1","FriendlyName":"Blame","AssemblyQualifiedName":"Microsoft.TestPlatform.Extensions.BlameDataCollector.BlameCollector, Microsoft.TestPlatform.Extensions.BlameDataCollector, Version=15.0.0.0, Culture=neutral, PublicKeyToken=b03f5f7f11d50a3a","FilePath":"C:\\Program Files\\dotnet\\sdk\\8.0.300\\Extensions\\Microsoft.TestPlatform.Extensions.BlameDataCollector.dll","HasAttachmentProcessor":false}],"Metrics":{}}}
TpTrace Information: 0 : 36448, 12, 2024/06/18, 12:18:05.214, 3552331197354, vstest.console.dll, ProxyDataCollectionManager.InvokeDataCollectionServiceAction: Completed.
TpTrace Warning: 0 : 36448, 7, 2024/06/18, 12:18:05.225, 3552331311354, vstest.console.dll, DataCollectionLauncher.ErrorReceivedCallback datacollector standard error line: 
TpTrace Information: 0 : 36448, 7, 2024/06/18, 12:18:05.239, 3552331446550, vstest.console.dll, DataCollectionLauncher.ExitCallBack: Data collector exited with exitcode: 0 error: ''
TpTrace Verbose: 0 : 36448, 12, 2024/06/18, 12:18:05.266, 3552331720640, vstest.console.dll, TestRunRequest:SendTestRunStatsChange: Starting.
TpTrace Verbose: 0 : 36448, 12, 2024/06/18, 12:18:05.266, 3552331722181, vstest.console.dll, MulticastDelegateUtilities.SafeInvoke: TestRun.RunStatsChanged: Invoking callbacks was skipped because there are no subscribers.
TpTrace Information: 0 : 36448, 12, 2024/06/18, 12:18:05.267, 3552331722525, vstest.console.dll, TestRunRequest:SendTestRunStatsChange: Completed.
TpTrace Verbose: 0 : 36448, 4, 2024/06/18, 12:18:05.267, 3552331723017, vstest.console.dll, MulticastDelegateUtilities.SafeInvoke: InternalTestLoggerEvents.SendTestResult: Invoking callback 1/1 for Microsoft.VisualStudio.TestPlatform.CommandLine.Internal.ConsoleLogger., took 0 ms.
TpTrace Verbose: 0 : 36448, 12, 2024/06/18, 12:18:05.267, 3552331726612, vstest.console.dll, ParallelProxyExecutionManager: HandlePartialRunComplete: Total workloads = 1, Total started clients = 1 Total completed clients = 1, Run complete = True, Run canceled: False.
TpTrace Verbose: 0 : 36448, 12, 2024/06/18, 12:18:05.267, 3552331727143, vstest.console.dll, ParallelProxyExecutionManager: HandlePartialRunComplete: All runs completed stopping all managers.
TpTrace Verbose: 0 : 36448, 12, 2024/06/18, 12:18:05.267, 3552331727541, vstest.console.dll, ParallelOperationManager.StopAllManagers: Stopping all managers.
TpTrace Verbose: 0 : 36448, 12, 2024/06/18, 12:18:05.267, 3552331727893, vstest.console.dll, ParallelOperationManager.ClearSlots: Clearing all slots. Slots should accept more work: False
TpTrace Verbose: 0 : 36448, 12, 2024/06/18, 12:18:05.267, 3552331728471, vstest.console.dll, ParallelOperationManager.SetOccupiedSlotCount: Setting slot counts AvailableSlotCount = 1, OccupiedSlotCount = 0.
TpTrace Verbose: 0 : 36448, 12, 2024/06/18, 12:18:05.267, 3552331729024, vstest.console.dll, Occupied slots:

TpTrace Verbose: 0 : 36448, 4, 2024/06/18, 12:18:05.279, 3552331847622, vstest.console.dll, MulticastDelegateUtilities.SafeInvoke: InternalTestLoggerEvents.SendTestRunComplete: Invoking callback 1/2 for Microsoft.TestPlatform.Extensions.BlameDataCollector.BlameLogger., took 0 ms.
TpTrace Verbose: 0 : 36448, 4, 2024/06/18, 12:18:05.288, 3552331942103, vstest.console.dll, MulticastDelegateUtilities.SafeInvoke: InternalTestLoggerEvents.SendTestRunComplete: Invoking callback 2/2 for Microsoft.VisualStudio.TestPlatform.CommandLine.Internal.ConsoleLogger., took 9 ms.
TpTrace Verbose: 0 : 36448, 12, 2024/06/18, 12:18:05.289, 3552331946796, vstest.console.dll, TestRunRequest:TestRunComplete: Starting. IsAborted:False IsCanceled:False.
TpTrace Verbose: 0 : 36448, 12, 2024/06/18, 12:18:05.289, 3552331950573, vstest.console.dll, ParallelOperationManager.DoActionOnAllManagers: Calling an action on all managers.
TpTrace Verbose: 0 : 36448, 12, 2024/06/18, 12:18:05.291, 3552331966089, vstest.console.dll, TestLoggerManager.HandleTestRunComplete: Ignoring as the object is disposed.
TpTrace Verbose: 0 : 36448, 12, 2024/06/18, 12:18:05.291, 3552331968801, vstest.console.dll, MulticastDelegateUtilities.SafeInvoke: TestRun.TestRunComplete: Invoking callback 1/2 for Microsoft.VisualStudio.TestPlatform.CommandLine.TestRunResultAggregator., took 0 ms.
TpTrace Verbose: 0 : 36448, 12, 2024/06/18, 12:18:05.291, 3552331970190, vstest.console.dll, MulticastDelegateUtilities.SafeInvoke: TestRun.TestRunComplete: Invoking callback 2/2 for Microsoft.VisualStudio.TestPlatform.CommandLine.Processors.RunTestsArgumentExecutor+TestRunRequestEventsRegistrar., took 0 ms.
TpTrace Information: 0 : 36448, 12, 2024/06/18, 12:18:05.291, 3552331971768, vstest.console.dll, TestRunRequest:TestRunComplete: Completed.
TpTrace Verbose: 0 : 36448, 1, 2024/06/18, 12:18:05.291, 3552331972131, vstest.console.dll, TestRunRequest.Dispose: Starting.
TpTrace Verbose: 0 : 36448, 12, 2024/06/18, 12:18:05.292, 3552331973173, vstest.console.dll, TestRequestSender.SetOperationComplete: Setting operation complete.
TpTrace Information: 0 : 36448, 1, 2024/06/18, 12:18:05.292, 3552331973241, vstest.console.dll, TestRunRequest.Dispose: Completed.
TpTrace Information: 0 : 36448, 12, 2024/06/18, 12:18:05.292, 3552331973823, vstest.console.dll, SocketServer.Stop: Stop server endPoint: 127.0.0.1:52723
TpTrace Information: 0 : 36448, 1, 2024/06/18, 12:18:05.292, 3552331974361, vstest.console.dll, TestRequestManager.RunTests: run tests completed.
TpTrace Information: 0 : 36448, 12, 2024/06/18, 12:18:05.292, 3552331974699, vstest.console.dll, SocketServer.Stop: Cancellation requested. Stopping message loop.
TpTrace Information: 0 : 36448, 1, 2024/06/18, 12:18:05.292, 3552331975705, vstest.console.dll, RunTestsArgumentProcessor:Execute: Test run is completed.
TpTrace Verbose: 0 : 36448, 12, 2024/06/18, 12:18:05.292, 3552331975867, vstest.console.dll, MulticastDelegateUtilities.SafeInvoke: LengthPrefixCommunicationChannel: MessageReceived: Invoking callback 1/1 for Microsoft.VisualStudio.TestPlatform.CommunicationUtilities.TestRequestSender+<>c__DisplayClass34_0., took 163 ms.
TpTrace Information: 0 : 36448, 12, 2024/06/18, 12:18:05.292, 3552331977010, vstest.console.dll, SocketServer.PrivateStop: Stopping server endPoint: 127.0.0.1:52723 error: 
TpTrace Verbose: 0 : 36448, 1, 2024/06/18, 12:18:05.292, 3552331979734, vstest.console.dll, Executor.Execute: Exiting with exit code of 1
TpTrace Verbose: 0 : 36448, 12, 2024/06/18, 12:18:05.293, 3552331984284, vstest.console.dll, LengthPrefixCommunicationChannel.Dispose: Dispose reader and writer.
TpTrace Information: 0 : 36448, 12, 2024/06/18, 12:18:05.293, 3552331985650, vstest.console.dll, SocketServer.Stop: Raise disconnected event endPoint: 127.0.0.1:52723 error: 
